endyia
foua
muniba
sonji
chieko
sonje
cobie
nyvaeh
sonja
ioana
vani
jihae
jihad
daiyana
sunde
anyea
suzana
kanoe
cyprus
suzane
yamiyah
sumyah
kiona
kyiesha
narges
armiyah
kioni
takoya
shakuria
canei
cebria
kursten
kent
virtie
diesha
tindra
ryoko
nyesha
yairet
maricruz
resha
torye
ambria
carys
ambrie
neysa
bretney
shemia
nesya
carya
durva
carye
candrea
minhanh
sieara
maricrus
caryn
hanan
khiara
yesha
hanai
hanah
hanae
thasha
judey
raija
kaziya
jihan
breyona
semaya
naida
sabah
ingri
briyit
moksha
javaeh
ingra
dory
camren
erum
dore
jema
jimiyah
cozie
china
remey
camrey
doro
dorn
dori
korbyn
porche
kachet
momie
mitsy
karis
gayathri
kida
keari
karim
karin
mitsi
jimiya
dezia
karie
keysia
kambryn
sabriyah
kesi
kanea
cindie
seira
kambrya
cindia
wydia
dortha
mirtha
dhatri
dorthe
sneha
reiya
keara
teagyn
musiq
geisha
roshea
itha
briza
sokoya
musie
renuka
ardisj
desra
wandra
junea
cyera
kiahra
notie
mirei
miren
jaeci
mystie
taisha
jme
fania
sophiyah
fanie
debarh
samtha
sinya
kiyari
syndie
jazay
quanah
ceyana
shery
siohban
quanae
keiora
ciria
mariamu
jazae
jkiyah
brityn
yui
kiyara
ezgi
duniya
hoa
tuyetnhi
isatu
charvi
amiya
sarde
kimyah
audi
nusaybah
ardra
barbra
shiyan
nakieya
bethney
sarom
barbro
chumy
seda
reshay
eavie
deazia
wardie
chere
vance
amiaya
sioux
dafne
briajah
amaya
vicie
wini
tura
nikte
tushima
wina
chery
kameia
vancy
tushara
jordy
quwana
cushena
jurnei
vara
rinah
tandis
jordi
quynhnhu
shovan
ormah
jurney
deyjah
aedan
audreya
tacey
inas
deaven
dorthia
fia
dneisha
dorthie
weda
jnya
neasha
rhiyan
tiyona
murna
ritney
schmika
krysha
ashna
nevach
tnia
ruchita
sayah
tinka
ashni
cayce
keiondra
mtisha
cathyrn
thyme
ingrit
sabreya
cayci
curteria
nixie
cytnhia
soumaya
dahja
dasiya
chinwe
ingrid
narma
diena
triniya
payton
rubith
kieara
nicia
nicie
rainie
teijah
swathi
nanie
cyaira
isys
davaeh
osie
osia
tamiyah
derion
heavyn
keatyn
mayan
mairead
mayah
daintry
tashai
taquia
briuna
tanyah
frenchie
kianga
navia
rhodie
navie
navid
shaiana
knia
rozay
chudney
yeymi
rukaiyah
keiyana
kechia
sandra
tamayia
mavie
simayah
birdia
danaiya
gudrun
eura
chiara
porcia
cheisea
gartha
marsea
ghada
rotha
brynja
shamaya
kieisha
minga
dioni
kajia
suhani
dione
diona
enayah
neatha
tanga
sheran
tange
keasya
reuben
tango
tkya
maydean
krina
hiya
khiari
edma
shenoah
tasi
mena
devan
jashya
thersia
arieon
saimi
teaya
kubra
basha
asja
shayan
breigh
peria
ceyda
bashy
haya
wiyaka
tasa
daxia
tion
circe
peris
niyona
shanea
chaka
esta
brycen
sukie
esti
daphen
karaya
takaya
corny
ieshia
tekiyah
ramsha
esty
yashvi
kayo
mekhya
naiya
fritzi
rutva
neda
kaya
okie
semya
cathren
daijsha
nivaya
sevda
susie
aveon
kariya
takiya
susin
ipsa
dois
kameah
sonam
keyora
camy
morgon
kiya
kiyo
shaneya
unyque
maja
cami
quan
shieka
cama
kourtnie
ned
tersea
senya
ambry
prim
astha
kashay
rhiana
khamiya
shaney
ambri
triona
kashae
kashaf
ambra
nea
ambre
thyda
ajaya
roarie
breazae
kheira
kritzia
jodean
riayn
teasia
camdyn
myiesha
keary
rici
wonda
deaijah
branae
buse
agna
khamaya
kiaundra
kourtne
husna
mandye
chutney
breseis
asjah
timayah
treba
tamzen
shaida
tavaya
kabri
narda
posie
mykya
tomia
nuvia
insiya
tomie
pada
suvi
nayzeth
besa
vadys
ebru
taijha
sonte
jadaya
sonta
meagin
chiemi
simi
sidnie
cheska
kutina
kersey
jaidin
turkesa
sameya
sista
jinayah
neaveh
ameiya
ira
tiaura
hera
tanyea
teija
kourtny
debi
keagen
tresia
debe
naturi
deba
nikiea
deby
smantha
debr
sanchi
brenaya
miyako
shundrea
umika
priti
ajiya
taegen
ingry
neicha
cedra
parys
dora
synquis
cianah
jujuan
darian
jamon
charney
hadia
kaygen
hadie
jakayia
maizah
courntey
nevea
oumie
femi
jemi
adysun
tarea
charnea
breashia
biyanka
tatum
kairy
vetra
semayah
beija
jhane
meighan
arkie
maudie
suan
gentrie
ersa
doty
onyx
naya
davy
suad
onye
dave
onya
dava
doti
iesha
davi
nysia
eunie
cindi
breniya
breyonce
nykea
miaisha
paisyn
renu
avrey
romiya
tikeyah
maneh
desta
judye
tomas
keba
marji
marjo
cinda
marja
arsie
kiren
marje
shuana
ermon
honi
hayah
wendey
maysea
takaiya
shambria
simryn
briney
simia
tousha
schavon
josei
keiari
saidy
vivien
kamsiyochukwu
taneia
keiara
saida
syndey
josey
vandrea
saide
karia
amye
saidi
amya
joset
nasma
shanaia
umama
ardyth
tariyah
joynae
bronwen
meade
meada
bianka
iasha
caidyn
bergan
sokhna
ceazia
ordie
nineth
dawnae
keygan
ramatu
kyersten
karsin
mekiya
jamyah
gretna
nyaja
cyra
ayushi
han
cyre
ayusha
rubye
dajza
jyme
kimoya
dorthy
unia
japria
birty
dagan
saniy
nakhiya
kymbra
ksenia
choya
kearstan
shainia
jadyn
birta
nyota
princie
posy
ramyah
nakiya
girtrude
cearia
ardith
ruie
naoko
naoki
dorian
byrdie
rheba
quiona
tranaya
sheira
jorja
umu
takeiya
jhasmin
sura
foy
jerney
judeth
haedyn
cira
uma
cire
twaina
ciri
jernei
janith
meoshi
stefan
naviyah
atzi
cynae
rhond
beadie
romia
ibeth
teneya
semiyah
sayge
cynai
yoko
rhoni
geordan
arwa
adey
tenia
shanaih
aftyn
tezra
adea
kimayah
branwen
nixon
soe
chairty
camay
yen
najiyah
dyson
camas
kyisha
wray
eupha
monyae
anieya
ciniyah
tami
jany
kiabeth
mayce
mayci
tama
keanua
nova
deboarh
neika
tamy
jani
jane
karmon
sury
jana
avaia
tamu
journi
fumiyo
journe
jashia
meikah
tkiyah
fumiye
trasi
candes
myha
journy
verda
sytha
andreia
toscha
anjum
verdi
javon
drita
savoy
saje
aza
franda
saneya
kasia
ferma
cyntha
briniya
cynthi
minah
jaimie
debrea
kresha
khi
cynthy
irsa
dwana
andriea
keigan
murtis
rhayna
tanea
tonjua
vashtie
sheraya
keajah
sargun
edom
meghan
enya
taurus
agnus
devon
shifa
ayram
tiamia
timiyah
syeda
kiawna
jinaya
fergie
tima
sakya
timi
noshin
reona
chaim
taima
raiyne
chaia
diamyn
kheri
davae
osa
meahgan
chais
davan
jainie
niasia
thandi
decie
shetia
decia
sueko
siera
kha
mache
jaidan
moeshia
veo
rifka
roye
sritha
jeri
jere
virsie
jera
iyisha
shuchi
hendy
ogochukwu
joniyah
rinya
nioka
mahi
trezure
maho
tegra
queren
nyrie
maha
brehan
porsha
ainhoa
tiye
porshe
kitsy
jobey
toshya
jameia
kynda
cherea
shatia
tiya
micaya
kyndi
cherey
eyde
anzie
anvi
eydi
nyshia
chavie
kamran
orda
naika
ikuko
mounia
rashunda
roana
cayson
rotunda
araia
nivayah
azusa
riana
honour
wanda
stachia
nabria
shevi
iara
juri
modie
sheva
sheyna
sreya
jura
maitreya
dayamy
maitreyi
wavie
jerkiya
dayami
shenaye
asyah
shenaya
cania
nybria
ketra
tukesha
kaimi
taska
wana
kyona
darcus
jebria
iqra
dajea
aine
suean
aisia
dajour
keran
tanaiyah
aina
aryia
jnyah
keijah
tinea
yachiyo
tawnie
tawnia
twanda
savoeun
petrea
jazsmin
sra
nadin
jaryah
kemia
tiney
tekiya
fawna
fawne
ambrey
jackye
chanie
phoeba
vega
chania
phoebe
ambrea
phoebi
shundrika
chanin
sheniya
echoe
rosie
jondrea
nyauna
kamia
ruta
ngan
jazmon
envyi
tanayia
ndey
gurjot
sweta
tasiyah
bevyn
kenia
inza
dosia
savon
dosie
doyce
judieth
jonda
kasiyah
svara
naimo
rubymae
jasmijn
dova
camran
taya
tresea
harmon
wava
sundas
gresia
khanya
shekeia
ketsia
jurea
shinobu
koni
junae
nobu
gyana
kambrey
junah
mamye
synia
kambrea
saedie
tacha
kanye
prudencia
kyesha
tache
kanya
gyneth
avie
tora
avia
avin
kika
cidni
jim
eygpt
deavian
aviv
faven
aerion
avis
marthia
moiya
tory
marthie
spruha
chakia
natoyia
tifa
wrenda
mirya
dafney
saije
mitzie
rhetha
saija
treshia
jhia
dido
brody
didi
sanfra
jaxsyn
niaja
fabian
niaje
stacia
prisma
masia
ridhi
shevawn
tiadra
araiya
ridha
wajd
soraiya
ceyara
myami
virdie
sundara
shacoya
hagan
maizie
gurbani
yaisa
gretha
coby
grethe
hetvi
caroyn
shameah
ashney
cobi
kerstein
virdia
sydia
freida
juditha
quita
judithe
mima
reshea
sorcha
sanoe
mimi
enaiya
freidy
sydea
chevi
esmay
aivah
dashya
covie
chevy
ova
gordon
hurtha
esmae
jaedyn
oni
dyeisha
dejia
ona
khaiya
mignon
vava
siryah
tayari
nubian
bismah
ramsie
naudia
sirin
phenix
sayen
bita
sayeh
chinmayi
daryan
keziyah
phenie
daryah
cita
deavyn
ashby
ingred
narai
janit
breonca
sawda
rieta
jakhya
deziyah
antia
kairie
chera
jakai
narjis
cyara
thetis
jazma
savanh
shanayah
dusharme
sophie
rehan
sophia
emem
nyemia
sai
cambrya
san
cheri
cambryn
nicey
nidia
kamaia
kyrston
nanea
brekyn
shakeyia
syasia
kaysha
sopheya
taka
mazie
nota
avayah
nkiru
mayes
cinya
pagen
sunjai
judyne
therse
thersa
urania
natsha
shyera
myna
paget
ondria
queana
rhondia
drinda
phia
sadea
vasta
persayis
nyaire
axa
jadeth
chiani
smriti
chiane
chiana
sadey
beaonca
nimsy
sujin
samaiya
keysi
meris
jayah
anshu
shaniyah
hanayo
nimsi
diora
drashti
diore
ansha
sheikha
odean
meria
merie
shukura
kitsia
pachia
gouri
roby
otie
kirsi
aviyon
krisan
otis
jakhiya
moriya
neata
robi
maecyn
tiaria
kirsy
roba
kiaura
surie
cansas
shizuye
nevsa
taynia
broghan
makiaya
shizuyo
dyasia
urijah
cathye
ijah
ceira
maicie
deysia
arbutus
prima
morayo
yedid
moraya
kerston
tiki
taitym
driana
deyona
tika
akyia
padyn
asna
ragen
sukey
cathrin
marnie
sharmin
shawon
teisha
marnia
keisa
myca
nouran
chawn
sunshyne
naraya
kiyasha
haniya
sitey
aizha
ciaria
tramanh
henchy
urika
nyiana
kaydnce
nuam
nieka
reigna
shavaun
euva
joby
jovian
doshie
ireon
doshia
nenia
shahd
nivaeh
jobi
thresia
manu
mertis
rhodes
cagney
girtrue
tajuan
mertie
mana
mani
margoth
kerbi
kirstyn
kerby
biankah
prue
kyeshia
tachic
konya
anta
chitra
huntyr
reyce
turiya
chae
shuri
siyam
firdous
orfa
soraya
ahuva
biafra
venis
shamiya
inah
virna
tomea
aviyah
kimura
nyakume
chyane
chyana
hayes
soriya
ivet
gurtrue
ivey
unkown
ahsha
ive
haein
yiru
iva
heathre
kundana
ivo
hertha
ivi
haniyah
erion
taveah
fama
teniyah
syndney
doniya
abriya
eadie
dasya
secoya
myhanh
damon
kidist
emrie
sumaya
deidri
makhaya
maeda
snoda
deidra
sumayo
deidre
avreigh
hydea
ardes
tumika
birtha
barbey
giahan
kashea
takeyia
ruchoma
chaye
peytan
urmi
genie
genia
tionah
rubena
kawan
kaomi
keymya
kanyia
erbie
maizey
michia
resa
ngoc
dicki
tieshka
estreya
daicy
gasia
tnyah
mikaia
mria
dazjah
tierza
madysn
akiyah
joyace
shaira
ingris
dary
tamyia
mayuri
kayzia
regis
razia
dari
sopheap
katusha
kyari
darb
dara
patyn
mavra
juwairiyah
katrin
kira
cheyan
keyandrea
auriyah
jireh
katria
dakya
meiyah
nadean
tifney
brita
deira
tayzia
mkya
moudie
sahiyah
jamye
jamya
aymie
exia
poe
exie
tava
derith
shiane
kerin
shiana
kismet
aisya
khaina
uronda
suchi
tavy
shaghayegh
cemya
danayah
nesma
ashtin
jahan
jaboa
jaeya
seona
josie
mehgan
taran
diba
maevis
charnae
neriya
teighan
charnai
krimsyn
briania
acy
jiaqi
brianie
binah
khaya
makay
snigdha
besan
berget
porschia
songa
menyon
shevaun
yiyi
nerys
makai
teria
karsen
deyra
romiyah
derna
bergen
vaughan
janiyah
gindy
janiyan
percie
wadia
saunti
ryane
nyana
saysha
nyani
sufi
dagen
nourhan
rorie
mico
cenya
sarie
kearsten
biaunca
sarin
vere
marni
marne
monic
marna
vania
vanie
marny
darvi
sera
sumra
riniyah
keina
mundi
yashia
kyara
umeno
natya
mundy
ianthia
vora
rewa
dejon
quinaya
urith
shpresa
shakai
urwa
maire
dionis
jernae
jemya
vaishvi
khiya
rudene
miriam
mirian
maira
caniyah
breonah
kaydrie
casandr
toshua
kieu
masa
antwon
kapria
keanu
kyerstin
tmia
mireya
adah
adai
mimie
adam
adan
keani
acsa
dieatra
taraya
keana
wincie
debria
raisah
kianah
chaunda
minhchau
oatha
jurene
kyrstan
jariya
monyea
tifni
taiz
nory
tais
riza
nora
nore
torchie
nori
kahryn
taia
ghana
breia
breyah
candis
aevah
diara
brein
ferin
candie
candic
jermyah
candia
cynthie
shanie
sheiva
shania
dayari
heisy
mandi
daniyah
duska
shanik
dorien
soryn
dories
dayon
sana
astreia
bracha
sani
tonji
harsha
thesa
dmya
cresta
syna
ruari
sesha
shakria
margrie
viera
namyia
yandy
shakayia
monque
devki
rithu
shenae
burgundy
espie
yandi
tanya
rithi
neave
sekia
ayomikun
ritha
beonca
deya
meghen
sophi
beonce
taziyah
nonah
stoney
manaya
katura
aubyn
nyarai
kirian
kerstin
nadya
gowri
kijah
jenyah
syona
kerstie
byra
shamyia
ayza
efrat
tamya
desray
kache
tamye
vin
brieya
kearstin
chaun
viv
esra
dnya
rufina
muzna
journeigh
neoshia
mynia
beatric
nsombi
germain
caniya
susi
mori
beatris
jozie
miyosha
rhea
mora
beatriz
aysia
miyoshi
reigha
brehea
kandrea
aiza
diavian
cacy
jayson
henya
sunidhi
caci
daizah
kenyon
nekiya
yuvawn
jobie
nadrea
shovon
morgan
mirayah
andraya
joyia
breara
khrysta
axie
graice
nunziata
axia
cheris
meha
susy
cherin
amayah
niveyah
cherie
cyndie
autume
cheria
tinya
cyndia
tevyn
maiga
viani
nyvea
hugo
hugh
mijah
viany
reyes
dyesha
octa
jasha
seveah
nijayah
makyah
deatra
duwana
sabin
chrystin
anusri
breta
chrystie
jiana
khodi
daven
jiani
yubia
rowdy
nikeyia
mahria
juriana
shanvi
kiyomi
pagie
ortha
davey
bryndis
jaeda
kashyia
rosha
signa
drusy
etoy
pany
bryon
runako
jesie
ita
jamiya
rawda
samra
dorsie
drusi
andia
bria
brie
deadra
kaidyn
kyrsti
deadre
meyra
junice
taydra
dajae
miura
sindhura
jaidon
dajai
dajah
sanvi
havyn
greidi
susane
kyauna
thereas
tiandra
tinia
armya
tinie
dedi
greidy
odia
meya
deda
dede
nodra
yasna
jeiri
irais
hevyn
jeira
keza
kashka
joen
jeiry
magin
subin
genoa
ruthmary
joete
quinya
virgen
kajah
thisbe
benda
shahad
jashiya
condra
gracyn
ernie
recia
diania
athie
dianie
nairi
akeyia
gracye
janaya
yaeko
kaityn
meira
cydnie
devion
deosha
yazmyn
medea
briauna
maybre
nerma
jamaya
siriya
jasiyah
sarhiya
mariya
sinai
dyandra
simin
noemie
katiya
viana
chatney
bernie
imri
seaniya
koby
nijha
noriyah
taunja
desja
iyoni
kobi
kobe
iyona
pashion
iyone
noma
aven
thuan
amsi
tate
synaya
avea
tata
kosha
ardoth
ermia
jea
grasyn
ermie
aicha
charvon
nesa
jen
amiyah
jem
gracy
brianka
niana
candra
meabh
madyx
bianey
moyna
nesta
janaia
madyn
mayu
siraya
hanya
demian
chatoya
reut
maevry
jaxsen
iceis
denean
dawsen
taniyah
tonyia
charna
daphnie
charne
kimyia
wafa
tierney
bracy
reshia
ghaida
sureya
mian
raika
breosha
astrea
surya
deovian
mendy
jaciyah
nieja
menda
aiyah
marniyah
mende
jerzi
mendi
sarvia
chinwendu
gaby
puja
deisha
niaisha
gabi
cheza
nasyah
eshe
arpie
tahiyah
damayia
daryen
jnay
shnita
naoma
jnae
judene
wanzie
naome
naomi
fiana
wyndie
kadi
ravin
noah
shenda
kada
maris
kade
anyieth
kady
wayne
nenah
raiqa
grecia
chaquan
evaeh
tricia
dayamit
ingram
shasa
winry
gratia
aneya
dayamin
tobe
bhumika
tieisha
arys
kiyoko
aiesha
reiana
jazia
kenji
jhori
aryn
pasqua
toba
arya
shayah
synthea
debroh
jabreya
jadi
debroa
jada
narvie
retag
rainah
keonda
jady
rickya
tonja
emah
retaj
durenda
yana
verba
breisha
kaydn
joemy
kayda
kikyo
yoany
kriya
kayde
rozie
mayim
marshia
moniyah
riti
panzie
mayia
rita
tam
narnia
breon
niria
yadria
bretha
vickey
rudean
bryn
kurtina
sadan
dmaya
shaiya
sadaf
shanka
sadae
tayen
pema
brysa
trew
curtrina
rigby
thoa
caton
kamaiya
ruca
manjot
rosa
rojean
iniya
tonta
devin
jhaeda
aitza
devie
ciasia
jamayah
devia
jniya
teana
semiya
sina
maycey
sharyah
daisia
kunta
daisie
yireh
frita
shinya
inaya
phebie
teika
phebia
racey
berda
crystie
senyah
rogan
amukta
kumiko
jensie
crystin
pharyn
sokha
mindie
robia
breion
maithe
mieisha
tianca
sumeya
maymie
myishia
sequioa
von
owen
kurtis
rean
audy
divya
aude
ragad
auda
teruko
iantha
khamyah
ragan
ianthe
rokeya
troian
beuna
shenya
safiye
safiya
maida
maide
ktina
diavion
aysenur
mavin
duha
mavia
naba
kuwana
shanquia
dejuan
doan
fyrn
aixa
mavis
chrstina
kenyia
chrstine
staci
gavra
soniyah
thaiz
thais
demya
meret
johan
shaista
kaye
jahiyah
tim
casyn
boey
badia
cortnei
cadyn
kharmin
branya
sima
drema
chaundra
jodey
seydi
sydnei
chadney
sydnea
tante
aimie
jhana
danka
chavon
sydney
orba
jhani
shyane
huey
chaniyah
shyana
temre
randye
sumaiya
jasna
jaymya
hayam
hayat
mykah
cyasia
twana
indria
garna
shyda
djanae
suma
fancie
fatuma
ivan
refugio
secunda
ivah
shanaya
cansu
riena
neghan
suchita
witney
kasie
ija
catya
kaige
meryem
vertis
emrey
sharma
deshun
kemyia
dajon
jaidah
marit
chanoa
mashea
rubina
bethy
cianie
surina
petria
chanon
machia
quaniya
andreas
mryah
santa
sondria
smitha
santi
pietra
seanda
toshia
sakshi
ruhi
rudine
vrinda
stuart
makhiya
mirtie
susanah
tiandria
brevyn
inta
nusrat
sniyah
kamsi
nash
beira
nahdia
katin
hiyam
shreshta
jayeda
katia
shecid
katie
ruwaida
kensy
satcha
persaus
sharvae
kensi
dimya
maria
biyanca
segen
graycie
kiaja
jareth
graycin
moneak
betha
traniya
mitia
jacki
kayona
cia
erick
cie
ocea
kayoni
charmen
majd
jhamya
tiyah
impi
ninfa
savaya
tecia
gertude
chad
frimet
sherby
nakaiyah
chai
chan
keaisha
chas
jakeia
chau
uraina
chay
fujie
akria
tari
mairin
codey
tara
mairim
ashgan
deasya
neajah
kirstein
tary
sheryn
saundra
autie
jentry
phoenyx
abreia
tuongvy
shavna
bianca
sherye
perseis
biance
frayda
ryana
bianco
jazmen
hadas
chickie
mabry
maesen
insha
hampton
naeomi
shian
coda
codi
frenda
cody
sarea
shainah
jatoya
sarem
saren
bixby
byrd
sayaka
hamnah
kimanh
ceniya
keyoshia
sharna
nayra
risa
shakthi
meadie
javayah
jamiaya
nieta
geriyah
teiara
sumitra
eziyah
evi
greydy
keiuna
tra
eva
taite
moesha
tre
racy
evy
greydi
suniya
recie
mathie
reice
sajdah
tru
quwanda
aspyn
ody
kathern
jeaniyah
mikeia
nitsa
yudith
nobuye
dovion
ryne
brizia
hydi
oda
pris
nency
haby
twina
anton
aowyn
diandria
birt
kemiyah
sumeja
indea
ursa
eiko
keaja
krisi
casiyah
ghena
krisa
ibis
namya
krisy
stefie
payten
aftan
thienkim
neriyah
nyashia
saba
tegen
bergin
mawa
tumekia
kynsey
makea
derba
dyan
mayara
eunji
tunisa
siusan
mayari
tayte
saraya
saraye
masue
sira
riva
wyoma
senja
nahjay
siri
rivi
emon
crosby
nahjae
gauri
nahjai
refugia
rivy
dayrin
densie
rico
orya
tramiyah
capri
andreah
maewyn
mayka
andrean
sancha
sujatha
thema
pencie
phadra
anuska
miaya
brionca
babs
shamkia
mikaiyah
pamie
daijha
dresha
meng
jwana
tariya
taesha
grenda
jyana
naziyah
thia
rica
poua
tori
rodi
roziya
wambui
teniya
kaiza
roda
keajia
bena
keymaya
syra
bene
beni
keymi
minya
astraya
ayris
syri
gyda
edwa
amaiyah
daniya
espen
juwana
ayria
exa
kitzie
ayrin
anbria
kitzia
yusra
durga
tien
sumana
tiea
reniyah
evra
meghin
hawa
hebah
hawi
chakiya
shuntae
danaya
dafna
danaye
joice
nance
dafni
kyrsten
kersten
kysa
nancy
sanieya
schrie
joicy
shuntay
torei
naisa
jaiyda
ronke
kiyono
kiyona
tmya
auja
joda
shateya
jode
gradys
trieste
jodi
toren
meike
meika
jody
weida
irean
wen
nga
morgen
kisa
aivy
nada
yaicha
chynah
nyasia
arthea
nady
teya
bryten
noami
fayina
shrita
nechy
haevyn
autymn
aiva
khandi
damian
tracei
persis
eben
tracey
persia
ayzia
donza
denah
breane
jameah
kyrha
breana
meti
danis
nayomie
giya
danit
naiesha
naeisha
kazuyo
dania
danie
kazuye
burke
maidie
tempa
muntaha
tempe
keymiyah
sumiyah
shenyah
anaruth
borgny
qiona
nyaisha
shua
reagin
tempy
nyazia
bryauna
tiayana
davin
davia
tranae
fujiko
ivor
david
aren
ivon
stacy
davis
jaquoya
piney
damie
taeryn
suzet
khani
khanh
jesus
rikya
toi
nysa
yina
kaiea
tenayah
yairis
maiesha
hawo
cniyah
faydra
tamsyn
tasia
chanai
chanah
seymour
chanae
maeby
keandra
keaghan
megam
keandre
aryah
jovie
korie
chanay
aryam
jovia
maebh
threse
chona
roine
carma
maryia
mercia
nanci
kathyn
kathya
sherunda
gaya
charmian
kathye
shnea
gaye
sachiye
verjean
yoshi
nyjia
mercie
kruti
sanay
rubit
breaira
sufia
umeyo
cecia
rhaven
khouri
suja
fayha
eryn
atia
camrin
brieah
dianey
atie
sayra
dianet
camaya
sayri
maraih
nevart
shunda
maraia
juantia
rhudine
sajah
kardyn
terie
cortny
ramiyah
manoy
crucita
reynah
jaici
cortne
janiaya
jacie
manon
jacia
bren
dafny
brei
hisayo
foye
hisaye
brea
nekiyah
yunuen
katiyah
erian
bret
noire
widad
vianeth
paytan
briny
baisha
keyera
maianh
nuriyah
brina
junya
maiana
trivian
tudy
murjani
rickiya
jax
vivion
jas
sairy
avan
hopi
bionda
avah
jai
jae
dayjah
aydyn
sairi
paison
pedro
joydan
sukina
maryruth
autom
bonda
franey
tonea
margrit
temya
nisi
reis
daisjah
gerty
nisa
tiria
darion
reid
hosea
gerta
tobyn
reia
camiya
santha
tobye
tureka
gerti
neona
shterna
byonce
shyauna
tiernan
mansha
akya
araiyah
naiema
srija
smithie
audray
raunda
jardin
reshmi
cythia
reshma
mekhia
syaira
jenayah
riece
vijaya
misue
kionia
khyrie
sindia
toryn
kymbria
narcie
haja
pnina
endy
ruqaiya
torya
enda
nieva
naohmi
nieve
shurie
breanda
marty
kyha
kofi
drue
keta
azion
kiajah
cindey
eta
taija
rami
triva
marte
rama
asya
janye
janya
raimey
avaiya
neneh
keacha
janyi
saisha
taiyari
janys
jhayda
phuonganh
fusako
breonka
izna
syaire
yifan
faran
rhody
yukta
rhode
kaho
rhoda
sianah
dionca
cheyna
fachon
keahi
kurtisha
ibon
trania
punam
meiko
ruwayda
keora
desiya
sunja
sushmita
orsa
keori
khadra
sanai
kevia
teyonce
rushda
yeshia
thara
thary
maud
maui
tankia
siti
keryn
mayme
omni
sita
necha
nyemah
miesha
jawon
tashfia
sopheia
vastie
kaory
susyn
jondra
una
juan
kaoru
carsen
vashti
kaori
hudes
verna
tahia
sheona
demyah
reshae
drina
phi
sade
niriyah
fraida
tresure
tkeya
fraidy
daziyah
sady
ikea
dicksie
dayah
umeki
brucie
ofa
porcha
dinae
jurnie
khrysten
dinah
johnda
audie
shanoa
audia
nkara
rocio
shamaiya
shanon
chrysa
tansi
raziyah
wedad
jaydyn
jaona
rinyah
roze
diedra
tansy
roza
diedre
monah
diedri
mardith
priya
edyn
breuna
edye
wei
toyea
rukmini
katrien
kanaya
teaja
treisha
maegan
sunasia
kenshia
ayano
kebria
ayani
ayane
ayana
racie
cruz
tauni
desi
ravon
dnajah
racio
tauna
desa
sidra
dauri
meagyn
sujeiry
crysten
jenya
nyja
sumaiyah
wera
maybeth
najae
myesha
svana
shundria
afiya
mura
jandy
najai
najah
yasuri
maiha
najat
moryah
janda
navaeh
tkyra
jande
tanith
jandi
najay
jojo
sudiksha
tarsha
miyeko
tareyn
tondrea
jordis
maven
fahren
myjah
merav
irit
iriz
tarnya
maybrie
janeiya
kourtney
jhene
iria
jhena
irie
irin
kourtnei
burma
mery
treka
tanzia
keyisha
tanzie
kedzie
cadey
meri
rochon
hubert
joyce
mera
tianda
miasha
dondi
mandey
yoshie
jazmein
mykea
keirstin
myaira
viviyan
ranya
myaire
jonaye
shaniaya
jonaya
danon
saveah
engrid
brytnie
orien
vianka
taneah
fasha
breindy
anayah
gaynor
chaena
khia
haidyn
surena
viney
rubia
grata
kayshia
marnae
brycie
nakayia
ravyn
javion
joniya
virgean
ieshea
tini
yuka
tekoa
yuko
ekram
jadiyah
jiada
makhiyah
davon
pheba
statia
vena
sion
weston
nkiyah
nayo
vadia
bryia
ranayah
tanyia
ina
nyagoa
patsye
tniya
yasha
arkia
sohna
ravion
taiyah
tashuna
juniya
eavan
deshya
curstyn
icsis
tausha
kimra
thurma
tiandrea
nondas
genay
genae
nikaiyah
rey
peytin
anuhea
genai
argie
tiyana
maryon
tamhra
aetna
navjot
eyra
shabre
embrie
tairen
hitney
kevaeh
kruthi
cian
madsen
koti
teyha
markai
kieana
sandhya
pheadra
gniya
crete
savea
saesha
creta
makaiyah
daycia
tanaia
chaiya
hedy
rheata
devian
pedra
hedi
ren
regan
heda
eire
kiani
pantha
eira
thesha
avrie
kiana
fadak
sohpia
kiane
kiany
manie
dnyia
avrit
ksha
meryam
meryah
asfia
charmin
charmia
charmie
tnaya
atyia
sachie
samayah
tunesia
vivie
codie
dianthe
tiniyah
pandy
diantha
tawan
titus
deavion
aeries
orean
pandi
chea
vaeda
drusie
danayia
shambre
keyren
kursti
sadra
mirsa
jaicie
noga
maesie
dairin
dayza
tany
autmn
jadean
dayzi
jadeah
feona
brianah
danute
danuta
audre
audra
maiyah
syrai
rino
juana
rhnea
vasia
aki
jadayah
katey
romunda
jazmyn
audry
reaven
endya
ruqaiyah
daira
ayjah
pansie
marjy
tavey
cresie
suheidy
khari
myja
sanjna
jieun
bri
coutney
nadyia
bre
osnas
dhruti
sakiyah
jontia
hewan
manyah
kaison
saray
cordney
pita
seja
brisia
sonyia
basya
marva
sriyah
jordyn
easha
mathew
jaemie
deaira
deborh
deovion
nakiaya
irvin
camra
magen
kodi
jainiya
camri
piera
boyce
norea
jamae
seidi
kody
vergia
camry
eri
vergie
jamai
jerniya
novia
tonjia
novie
yensy
indie
jiniyah
dionah
novis
kushi
hemi
ayeasha
jernie
micki
ajsa
jenaya
sieana
jenaye
carmya
carmyn
ajiyah
breonia
somiyah
daniaya
teadra
macyn
inayah
jakaya
diandrea
kaja
macye
adis
norean
adia
ureka
arshia
adie
aften
dajsha
adin
feven
faiga
tegan
faige
yensi
charde
teaera
charda
makya
syera
faigy
rivka
umaima
kynsie
keanah
masyn
damia
neta
avaeh
heavon
vauda
maka
dniyah
shavon
shean
sumayah
shubhi
rubiana
judyth
destri
jian
wyona
vern
naisha
destry
kaiesha
sherkia
kaonou
trema
pegi
marce
thea
safa
breah
bana
brean
bani
stanya
shanay
persayus
nayia
jeniya
nardia
joyice
shanan
dayiana
shanah
saroya
shanae
shavia
suany
serach
kiria
kersti
roxy
kirie
eirian
miraya
rasia
jobeth
kirin
niambi
kersty
roxi
sekai
shagun
kuiana
roxa
kyhia
mentha
nakhia
beckey
cheyane
daijia
tekoah
cheyana
suyai
judite
maegon
nykeia
darsey
juquana
veta
priseis
tamaiya
kerstan
biftu
ayra
yixin
ahria
siene
mkenzie
beonka
deqa
nonie
tekeya
ange
renea
anga
dayanis
morghan
angi
efua
soundra
thandie
ufemia
anah
kyrstyn
heidie
angy
dayanie
aeshia
meshea
bernda
yejin
maija
jaynae
jaynah
mervyn
aveah
aira
aire
trenya
daizie
airi
daizia
nomie
mitsie
jahiya
karion
yansi
grayce
manvi
grayci
chaitra
jaiza
tithi
norna
peja
iniyah
bebe
keyia
neci
payson
bindi
iota
merci
sameyah
jehan
bindu
bindy
merce
mekya
janeigh
faedra
kinte
jhada
kinta
jhade
kiyoshi
yancey
joyah
schwanda
joyan
teajah
renah
breaja
khadiyah
tsion
tes
margaux
waunda
maki
amna
chrystan
wanza
reina
orpha
janeya
iysha
udy
niaya
bruce
utako
khou
megan
khoi
rivkah
shaton
makyia
shya
merjem
preana
vaniya
auna
javian
aune
niha
auni
freja
nyima
karuna
dorcas
nana
najuma
shimya
kambre
romi
carmi
verdean
whendy
myrtes
neysha
vondra
dajia
senaiya
wendra
braniya
spriha
caria
ashiyah
carie
havan
ceiara
jadha
carin
havah
raquia
tawney
caris
draxie
miori
namiya
dayzha
jovey
chanet
chaney
chanea
betzhy
corsha
timaya
megen
shemya
nesia
tamsen
peyton
eme
uhura
pearson
ema
emo
emi
nyda
suz
runa
anza
rune
rund
uhuru
yena
krupa
emy
yaniyah
sharey
cici
thersea
nyvia
dianah
rudie
korbin
akeyah
saunya
rhesa
iyiana
daiya
tanushri
chambria
shakti
quyen
kiandrea
kierin
nerea
tesa
heba
eren
saiya
hebe
beunca
keoka
pacie
hai
tmyra
shaniayah
trupti
ayaina
derya
symba
taytum
bresha
coy
kason
trona
deryn
tearney
jeriyah
fruma
munira
erien
brad
coi
myanah
charmon
sonza
con
tona
deiana
toni
jaya
jayd
jaye
hae
somya
amyia
sophorn
taneiya
roshun
tony
nicte
magie
sashia
dujuana
jaesa
sachi
diksha
nakaia
sacha
caragh
hosie
shardai
usra
dixi
shardae
pheobe
maeson
fanya
aunya
sharday
debhra
aunye
dixy
juridia
brianca
imyah
briance
remy
mykiyah
hidie
samai
donia
darbey
cintya
edmae
remi
edmay
getrude
taiana
aia
raiza
audrei
marceia
breandra
uganda
ryin
audrea
quiesha
pashyn
audrey
cona
coni
yachet
kizmet
miyisha
niera
adraya
tashiyah
atiyah
dreona
miyo
bahja
ramya
sakura
ruhani
miye
marjean
kearston
miya
tamaia
raia
hani
evia
nin
jiyu
yakia
evie
hana
kiayah
evin
faithe
cathy
hany
sayre
nasim
minsa
hans
nasia
aiana
vermont
jhanya
darshea
thy
posey
thu
min
suriana
tho
nevyn
maisyn
thi
camrie
kambrie
cindye
antria
kambria
cindya
sania
toye
newton
aireon
aybri
micia
arpan
obianuju
toya
jose
gencie
faren
nadyah
josi
wanids
antea
joeana
yoyo
keyira
fawnda
josy
maye
narjes
sophey
maya
kiosha
arax
shakeya
cayse
daysia
dashyia
daysie
sravya
triena
sophea
arai
aran
rehma
aram
quaniyah
berchie
tenyah
kuniko
vidhya
onaya
ayuna
kearney
refujio
sendy
sharnia
riata
wanjiku
mazey
wyonda
nayami
neve
couture
neva
heavin
senda
muranda
dubraska
bora
briara
vergean
shamain
radha
kebra
shamaia
ikia
myashia
navya
deatria
ayauna
keyania
thaina
swecha
sadia
prudance
sadie
ayrian
azra
suprena
birdye
coeta
nakaya
prerna
tnisha
keida
damayah
mithra
vinie
keidi
jnia
eyana
maecie
bansri
tameyah
rhodia
eyani
kazu
kestra
keidy
khrystin
neidy
neria
cortni
keasia
kiauna
quiana
senait
trudie
tauja
meghon
fiza
wai
khendra
dewi
jaxon
uyen
toyin
rashya
quiyana
toyia
kanchan
veva
crys
djuana
piya
minday
taitum
truc
shabnam
kashvi
anea
isis
miniyah
emia
saroun
emie
retia
taeko
crystan
senai
anet
nervie
sadiyah
nervia
joean
najea
shymia
dache
whitnye
tayia
corbyn
thanvi
ronea
vetha
naje
daci
naja
tarna
dace
damiyah
dacy
jona
tajia
jone
kenyae
joni
sabryn
kenyan
adwoa
ranyia
irma
tondria
betsie
sowsan
kjirsten
breiana
kniya
sujei
beda
pacey
cotha
antrea
ramsi
myah
roxey
damion
jaysha
jesusa
paige
trinae
sandie
kinzi
syndy
sandia
kinze
kinza
gerdie
schmeka
jescie
jeymi
dancy
brytney
ameyia
fatmeh
ume
takya
eujin
mykia
sehej
gigi
yva
reana
yasmean
huma
breniyah
takaia
nihad
ayisha
ivie
tayjah
ivia
sachet
kazue
vegas
naikia
kito
ivis
keayra
rheagan
diamon
gui
keaisa
gus
marney
measha
breshae
ezra
berta
ezri
breshai
kyasia
aijah
jaidyn
breshay
ardia
azria
karys
ardie
barbie
quiniyah
jerin
hydia
ardis
berty
hydie
jeris
sharea
nasro
nasra
dedra
genet
dedre
tairy
nini
teague
genea
raifah
keme
kiku
kema
nevaeh
somaiya
kemi
mysia
nino
mancy
eyva
cmya
nyoka
tierni
vyvy
tierna
dianca
nevaen
marget
nikhia
tikeya
kescha
deoveon
marhia
brogan
ondra
kerbie
jan
chapin
casaya
viya
riyanshi
sahra
kyani
regen
ruchika
moneik
sahri
kyana
draya
shamayia
keomi
irja
eiva
finis
saira
siniyah
vici
nguyen
detri
siyah
rodney
detra
cay
avae
eastyn
denaiya
randie
dawnte
dawnta
shumeka
sunaina
trany
cai
rianshi
nyia
cam
adriaens
nema
getha
shuntavia
pavi
aymen
simy
vriti
cardia
dazja
cardie
tondia
tiesha
chia
cardin
chie
haydyn
ertha
rhiauna
eurma
wardean
natiya
marshae
ndeye
taneya
josue
nyeasha
dhanvi
bawi
aoi
bodhi
susia
jaxson
maeven
fayne
kiasha
irwin
nataya
kura
jniaya
michea
vaya
hadyn
hadya
yaniz
kurt
rumaysa
tiasha
meridth
pansey
keadra
tanja
tavis
somaya
synai
kaydon
birda
endea
tavin
aenea
tavia
dynah
tavie
ethie
jimya
caydin
yari
bobra
yaneth
tiari
rorey
tiare
stazia
tiara
sok
modean
varnie
mathai
tejah
evon
rhoena
ayme
epsie
noa
adhya
tronda
noy
sundos
greydys
nou
mocha
wenda
itza
jamey
jevaeh
kery
jamiyah
nadja
caitryn
desda
magan
jamei
keri
karcyn
jamea
michon
kera
thania
maisa
thayna
caira
cairn
cairo
kane
shinead
cairi
krymson
nasjah
jatia
indiya
dvora
maisy
taniyia
renad
aftin
iyonia
jene
sunda
kyja
shaye
reagon
bibian
reniya
sundy
nyanza
rudi
shawdae
ruiqi
jhaniya
cary
monja
karsyn
gurtha
ondraya
cari
kearn
caro
baran
imia
cara
shiya
rhandi
davian
ardath
priyasha
rhanda
porschea
jetaun
vayah
tagen
janath
teisa
deshunda
theona
miyona
theone
kayri
chrys
theoni
sheary
kayra
maysa
rini
sheara
rina
aziyah
ryma
kenzia
suhana
dawny
kamiyah
gertrue
yin
rwan
taygen
svea
carson
braniyah
dawni
kenzie
dawne
maray
chioma
dawna
ayrion
mahiyah
aunyae
shanei
destney
faizah
soren
shanet
thad
baja
thai
braina
teka
ajwa
chada
chade
juneve
nayma
ersie
reatha
kniyah
viha
shuntina
renaya
renaye
kjersti
toyka
firdaus
craig
samia
keisey
maysen
kairi
anges
kaydra
kaire
keyiona
kersha
kaira
bryasia
berny
purva
beyounce
engie
berni
taeshia
shizuka
siesta
shizuko
berna
hend
veyda
vieda
ramzie
roxie
kirstin
quanda
iduma
renai
kiaria
mateah
mry
renae
dorsha
renay
ancy
efia
runda
kyanah
shuntia
kenda
meshan
jozey
gayna
berniya
kendi
yary
breasia
meshae
meshay
georjean
peityn
maina
kendy
subria
maine
mitze
fumie
mitza
shizue
mitzi
chiya
chiye
jermya
kdence
aino
aini
chiyo
gensis
kamdin
ganiya
kiko
saja
kiki
gensie
nayseth
neidra
moxie
chynia
sascha
krizia
sonai
azsha
moshay
syeisha
aeris
aerin
miamor
aerie
nyeasia
danai
danah
ismay
ismat
danae
danay
sbeidy
yazmin
ismah
yufei
khandis
amby
rhaya
netha
ambr
phawn
kiondra
chrysten
mendie
ambi
tziry
amba
yuma
vema
moani
yume
mainou
tasnim
azaia
tasnia
moana
garda
hawah
maidah
thenia
sushma
tuba
tamra
mone
shawyn
mona
kistin
journie
aury
moni
hinaea
chaya
auri
pheona
bostyn
wreatha
britni
jeany
javeah
kemya
jhiya
britne
eada
britny
cheznie
jeani
jeane
jeana
ayeshia
jovan
reaghan
stayce
emri
odet
porsche
carey
porscha
sansa
scot
mekhiya
caren
vieva
tawnya
shakeia
nyjai
achsa
nyjae
aero
amand
aeri
megin
cidney
kashya
argent
keon
taunya
sophy
earsie
bania
maryah
nejra
maryam
maryan
tovah
trica
rhawnie
sopha
susa
bitia
conya
eran
prutha
biak
ryian
hena
aniayah
bevin
cigi
kenya
petunia
bevie
marti
korby
marth
yubin
medie
yvan
triniyah
tasheia
noehmi
phynix
maysun
bradyn
tayah
teran
beyunka
nzinga
keichia
deyci
bryce
mersey
payge
darcey
janaih
deycy
canya
janais
vernon
makeya
sirayah
noam
rugiatu
kaeya
toby
ajayah
taquoya
kimiyo
saidah
suriyah
nirvi
dazha
tobi
myajah
creosha
corian
paiyton
symon
cmone
stacha
nyomi
chakya
ami
envie
reah
azka
amo
cortney
ama
shardey
ruchama
ame
faira
amy
shardea
dita
jiaxin
athryn
diti
yasuko
fortuna
adnrea
oriyah
irmak
payeton
johnya
johnye
tuwanda
chasya
haram
sanye
naesha
maemi
kamya
ruthy
nzingha
cambreigh
yeiry
mayrin
ryen
knova
yeira
antoya
myona
rutha
ruthe
yuktha
sabrian
khyati
diajah
tmara
starsha
niyati
quida
vida
sixta
artis
aquia
dayris
seini
shayne
taiba
shayna
mervin
artia
asae
artie
camyah
dashia
hargun
aeon
marshaye
jhanet
keniya
marshaya
darshan
ngozi
sri
darshae
sanya
darshay
deida
tinyah
mamie
satoya
nuri
moria
jakhia
nydra
sinead
moriyah
nura
natayah
youa
nury
aideth
naudya
jaton
kavon
shiona
madysun
stesha
bronwyn
cate
makhia
cath
cati
merdith
faris
farin
mikiya
herta
uchechukwu
caty
kmari
faria
arey
joanie
mariaya
karyah
kamaiyah
terin
yaisha
keita
niurca
synthia
nakeya
dayesha
kamrie
bryiana
daphney
hira
odeth
hiro
kanyen
kamrin
tavon
burdine
traice
merta
nery
kikue
maiara
taniayah
nert
demyia
neri
chambre
riho
keiyara
nera
riha
shnika
marziya
jazaya
vickie
batya
nashya
kaybrie
djuna
virjean
surayah
sheka
iza
shanga
syuri
duewa
brecia
asjha
anias
sevaeh
ramsay
dymon
coren
dorpha
kyria
vadie
corea
driyah
nitya
ajua
corey
rikiyah
marbeya
natka
dinia
vadis
monte
kasyn
sharmae
keren
rashun
saura
monti
kiniya
mahra
shateia
kerea
mahri
monty
montoyia
audraya
uriana
rawa
dyuthi
oshea
takhia
jireth
daisey
dreana
gyna
mkiyah
joiya
kausha
thurza
jensen
khushi
sashi
raiyna
sashe
nuhamin
bronagh
sasha
vera
roben
hitha
ambyr
tearza
vero
trysha
anat
paetin
anay
anae
tendria
anan
isma
anam
konda
cosie
anai
cacey
bronda
yukia
yukie
azia
ausha
revkah
naima
najia
nani
nasha
tiaira
karne
azie
karna
stanja
bryton
hateya
jeda
matha
tayon
seandra
betsey
iram
swasti
betzi
crimsyn
kimi
ceara
keniyah
iras
kima
catha
cathe
samaj
rori
samah
cathi
indsay
rora
smera
rmoni
rory
jahkia
dayri
hima
mijoi
shmeka
grasha
verva
koemi
sydnie
tawnjai
mijoy
fatmah
datia
gaea
keshun
reyse
refujia
kneisha
aimen
geidi
khai
nabia
cornie
cornia
geidy
tikvah
mirna
takea
kathey
meagen
stranje
freda
haben
nakayah
hridya
dion
staisha
anayis
sheniyah
dior
viance
thonda
briante
vianca
vaniyah
anayia
syana
chiyoko
chiyoka
syani
tanuja
owyn
nina
jakhyia
myrie
brenia
myria
cathryn
brenin
niema
kycia
evian
shah
khady
keagyn
kainat
tiy
ciandra
naveah
kimaya
margey
breshey
eadyn
iona
ione
takeya
abney
dasia
jeania
dasie
tamson
raghad
anuva
teah
ardus
sondra
teagin
megon
stazie
chasmin
jorian
maeta
briazia
kieandra
sati
sofiyah
maran
juaita
maram
marai
karmyn
niveya
syria
rudy
karmya
rikhia
kharmen
jodie
dwaina
timya
keia
makhyia
trinea
kirstie
meriya
dreah
tamaye
tahis
penda
breandrea
bich
sarya
urina
taqwa
indra
nakiyah
dnisha
uva
mikaya
sarye
awbrey
rihan
keambra
nitaya
dnyah
shakhia
syntia
quasha
dhruthi
adry
tiaona
magdaia
adra
katryn
kimiye
saryn
kimiya
adri
ninja
rumana
eiza
fadia
samay
areion
bryah
kasey
keynia
sanayah
ajeya
kasea
ife
yita
tayton
tazuko
kasen
tamiya
samiya
iayana
neia
adaya
mairen
smiya
charvae
myauna
ikra
brynae
tayshia
dekiyah
autum
shapria
deara
diny
eurie
shavawn
sajda
adiya
pui
devaya
bjana
arion
duna
reca
smaya
rece
sheaira
jadeyn
asa
hedaya
earna
dayra
saumya
rumina
daisi
daise
sarai
daisa
sheikh
benji
fayre
sheika
keymia
tamaya
syrie
rimya
dmyah
cenia
misk
cenie
hynda
misa
nedia
sintia
jersie
arniyah
caycie
katye
dayan
thaisha
mardie
arniya
measia
metha
jamin
umamah
gertis
arbay
jamie
jamia
ayia
yuri
jordai
jordan
maniyah
deotha
hadria
camoya
gertie
ayin
tabrea
jkia
jakayah
fozie
bridy
swara
azurie
utopia
shaian
bethsy
sothea
sherna
jakyah
moeisha
mickey
kary
rheda
kaidy
kara
kare
kari
karn
ashae
mashyia
teja
phan
rebie
rebia
tshara
keandrea
joud
jemia
jemie
ibet
norma
kae
airen
kai
kam
emjay
aires
kat
kay
mack
maci
jayna
aksa
jayne
minha
syan
jayni
daidre
bhuvi
daidra
reyan
monaye
aumya
merva
sesen
merve
mandra
mykiya
daveah
monaya
persaya
briasia
sewit
orma
maedot
anaiyah
hodaya
cashe
kinsey
casha
sorin
randi
duncan
kayjah
shureka
randa
rande
yma
breya
randy
tiva
taygan
darwin
breyn
udana
dejsha
natia
tashvi
beunka
soriyah
shanye
miyesha
shanya
shanyn
winrey
shanyk
kiasia
auriya
kecha
kaymen
negin
nayan
abiyah
nayah
mataia
giona
seryn
junina
manaia
nykeah
kemba
roshunda
dakyah
moena
espyn
kiran
denayah
kresta
tandria
angie
angia
sariyah
swanda
raimi
mekeia
rachon
teva
aeona
jaxie
deia
rekha
kortnie
onah
shakea
saniye
saniya
tazkia
theatus
yeray
mykaya
oniya
adean
mycah
kerstyn
jensy
vrisa
neyva
dayanah
paidyn
rija
mega
keaton
kahrin
paeton
chaunte
bavan
myanh
brytne
syniya
aveya
niyat
tashiya
uniya
suraiya
swapna
sorayah
niyae
suzie
yazuri
nava
siovhan
fenet
joyana
shimaya
jaire
andraia
jaira
dami
ryeisha
jairy
bunita
aija
dama
vasha
sanaya
uneka
tracia
raiesha
reisa
burdie
mikia
rikyah
shamsa
ariyah
tetra
iya
jordayn
uswa
maysan
maysam
shamso
mushtaq
keyan
kynthia
trudis
keyah
tashaye
jaysa
beza
taijah
qwana
reada
hoai
avra
tieka
wnedy
daney
asuna
avri
danet
tevis
anupriya
tevin
sakia
iftu
avry
tunyia
seidy
danea
mesiyah
shaw
shay
mayoma
masiyah
jaena
shae
kiare
estes
chquita
shai
shan
vianay
shiasia
rhegan
dima
kiyora
feda
shruti
shounda
janeah
janean
yuan
arturo
myers
kisten
sawdah
margot
jaynia
rodie
jaynie
aniaya
caisey
chara
crispin
daiza
dorcia
raime
jakiya
myrka
dorcie
raima
nevayah
myosha
skai
myoshi
coua
afra
baiya
kaidin
pryce
kanaiya
myrtia
myrtie
bobie
fathma
yiran
tieasha
havin
myrtis
caran
navaya
dierdre
wanjiru
maeva
treona
maryem
cheryn
jihyun
resia
cherye
aeva
joua
marca
taysha
kyeisha
makeia
vanda
tieara
magean
eriyan
moire
kaiana
branyah
aubreah
toyota
wandie
maikou
ponda
keke
vesta
naizeth
kayan
autrey
kouri
shaena
babie
nashyia
ashia
soma
jamaia
erma
markhia
sukaina
jacey
herma
khamia
chizuko
narva
dorsi
terea
debra
khiry
maeghan
stphanie
aneth
teres
trecie
tendra
rui
shankia
mesha
dyami
rua
muniza
mhina
vonshae
macy
vadah
kimbie
mariyah
yaindhi
mariyan
mariyam
shina
idy
darcas
reghan
deyon
eydie
cyenthia
moyra
yira
jashyia
roise
kiora
peri
ida
kortni
kayia
naiyah
datha
kayin
shundreka
nadiyah
kortny
nirva
neka
dwayna
neko
dwayne
thien
sashay
kohen
vindhya
sawsan
sinay
khyri
aidia
hidayah
khyra
sucdi
sashae
aidin
taeisha
barnie
caymen
mardean
vernie
tonga
vernia
nadeya
sandre
trudey
dipa
dazhia
teriya
jeanaya
miaha
cnya
uta
brinson
seton
ute
ruba
kuhu
fayth
natash
suehay
fayte
brocha
rease
yareth
rugenia
yaire
tonza
sayoko
nikya
deashia
syah
tita
heydi
nai
dashea
vicke
darda
heydy
kasiya
dardi
iyanah
tecoa
tomoye
kori
kore
kansas
kora
aset
nevae
evah
seija
demiyah
kory
sundie
nevan
nevah
meriem
jamaiya
amyah
chedva
kricket
chazmin
shunya
jhanai
reygan
rozia
orbie
dretha
jhanae
katy
saryah
daundra
caity
kouture
ravien
saraih
kath
kati
pearce
caite
ashvi
ridwan
kata
akaiya
maiya
kate
arij
rhonda
arin
arim
shieda
aric
rhondi
aria
teha
varsha
qirat
arie
jyah
biaca
vernay
naziya
jorie
kaydens
dorna
shiori
chonte
arit
tenyia
quora
texie
dayatra
quanya
rubi
mayisha
kiandra
akua
kamren
ryah
damaiya
fraya
tonae
panyia
tonay
kamrey
geogia
tosca
minji
midred
kiesa
tresca
sheon
kayti
vedha
keyanah
kayta
tuesdae
anaum
suraiyah
niya
gunvor
teyana
tamiaya
vernae
kharma
teyani
ormi
eniya
ceriyah
romie
nhan
jencyn
briyana
taiyana
suada
oza
reja
kicia
chivon
rupert
mahdiya
ramsey
shayana
asuncion
shajuan
shayane
tamba
yayoi
krithi
chany
tambi
corin
janus
ajia
chani
meriyah
geni
chane
aedyn
corie
chana
nobuko
gena
kiomy
daiana
sheren
revon
faisa
harjap
jory
jrue
harjas
kiomi
dadne
keshae
sharmen
camaiya
arbutis
hudson
swetha
daisya
jaszmin
daisye
houda
frida
nodia
kamie
denys
isai
isah
smyrna
ezrie
majken
cosma
jensyn
denya
nusayba
denym
moses
oshun
chiante
tkeyha
reida
vivyan
chianti
vauna
rida
hien
jabreia
briaja
tency
enaya
dwan
threase
heavan
sude
chisa
suda
diaundra
briena
deajia
viora
rediet
meiyi
niomi
jurate
meiya
femke
kameya
sumita
karian
korney
nkechi
kian
kaigen
nary
vidya
kaiona
torsha
naviya
hieu
nari
nare
mirai
nara
pansye
beatha
fara
yetunde
kaedan
fadra
mauryn
sundai
iren
sena
irem
ranyah
toma
niomie
kaiti
mayson
afsa
sudha
menucha
dicie
kaite
kaniya
ayira
normia
sangria
normie
deaysha
yamna
tajmah
shatoyia
iksha
ifra
kuwanda
seng
shikia
dovie
tanusha
kinzie
tonda
dancia
afnan
takai
madra
panhia
dwanda
khea
nascha
tarji
abrea
kiayana
nokia
frona
wyonia
dekiya
myrtha
gretchin
yuhan
abrey
phoebie
najma
daija
cacie
pricie
cacia
najmo
chyra
kaybri
nevis
syara
kaybre
brenea
roqaya
nyzeth
mufi
dysha
sande
mija
sanda
jostyn
debroah
sydni
donda
memphys
sandi
wondra
regnia
margan
sandr
deshea
emiyah
patsey
morton
breshia
tiniya
tamoya
deboah
barkot
jeran
ricka
sachiyo
ricki
marek
embrey
mashae
maren
miniya
uriyah
norva
kiayra
trenae
cariyah
marey
triya
sandrea
trasha
maret
mashay
teirtza
wyndy
nohea
berdean
paysen
wyndi
cadia
merium
shrea
cadie
ameyah
wynda
cadin
timea
wynde
kharmyn
kyondra
kendis
yona
amrutha
evans
yone
roch
cheire
jniyah
ndia
ashka
nkiruka
suniyah
erka
supriya
navdia
tieshia
masuko
savaeh
ary
emiya
rukayat
soreya
nyah
keyosha
greta
kirat
smya
grete
deymi
tauryn
cyb
cya
dyna
cyd
daryian
nkenge
nowshin
keiasia
rebe
shanean
ben
matie
tinaya
bea
murnie
thrisa
taeghan
bev
keirstan
khaniya
keyrin
napua
kayon
kieshia
kysia
haydan
symia
rhenda
bertha
berthe
mairyn
taba
kyera
deasia
shavae
eowyn
miaja
jauna
reitha
nyomie
dawyn
abreya
kaijah
autym
kemaya
juniata
jorgi
edris
siara
jorga
jorge
brintney
tkai
edrie
awn
edria
dariya
nathaya
munha
juaria
udora
awa
jazmun
indu
pixie
haifa
ura
neida
indy
uri
teigan
jaie
kemiya
tamai
inda
reiko
dorca
kiegan
indi
treva
vasudha
miwa
tiaja
seraph
deyonce
quiniya
shukri
gefen
tameia
shaynie
ayea
kaitryn
shaynia
rasa
hada
cyria
darby
hade
ayeh
hady
hector
envi
ethan
kona
darbi
maeryn
virga
dedrea
yendy
mhia
deina
neosha
ieashia
samaiyah
yendi
ravya
norie
noria
joshie
neina
vonda
nijaya
shu
jasi
jase
jasa
sha
jasy
shi
simrit
viva
samie
amoya
murtha
krushi
mirium
hongan
trenea
chesney
nuha
jeveah
teni
magon
reigan
saydie
taira
tena
diasha
niyasia
marshe
ugochi
makaya
iyonah
taycie
shaima
joya
vashni
joye
daviya
maeghen
kei
airam
tantra
kea
akhiya
magi
jie
cruzita
demri
thada
wardah
nyari
temi
mindy
thanh
jojean
nyara
jia
jersei
syed
jin
ciera
mindi
marnay
teiana
miamour
minde
dzire
minda
shynia
ciana
gita
ciane
shema
ciani
orit
kinsie
stuti
khmya
orin
djimon
tuesdai
jianah
orie
sarh
korey
tiena
sara
cynthea
sary
simya
cena
aynia
vinci
ota
natea
mertha
shyesha
ciona
girtie
vincy
tandra
keicha
moya
kava
mickie
macen
cythnia
charma
anusha
kavi
kaymie
keosha
dymin
ahri
makiya
macey
meghyn
tonia
darsie
ekin
taydem
dema
koyasha
fonda
subrenia
revie
demi
yaireth
stajah
toshie
tayde
tonie
chayah
feben
chayan
dawson
demy
genva
roxan
aieshia
neyra
jhaniyah
jaxen
samayia
odra
chaunta
renia
anka
renie
anke
nansy
yashi
khusbu
roesha
toniyah
jenean
wyma
nansi
joise
perseus
pheonix
meco
tenaj
neveya
meca
safia
siba
rifa
jawan
drona
neisa
tanushka
cuca
onda
dosi
fenix
erva
kevon
sofia
daia
kaigan
miosha
keiosha
hadiya
myjoy
nahya
trcy
mykeia
trudi
jurni
jainy
trude
truda
aesa
nimra
jaine
trudy
jaini
mitra
nate
dezja
sonia
sonie
kimbra
iaisha
desean
sabian
kimbre
treniya
pryia
jaeona
vananh
qwanda
trinka
ashura
sohni
dazia
tandrea
sevinch
cande
cendra
patsi
canda
kaija
martia
sakai
sindie
martie
dabria
candi
daydra
beanca
kaena
shem
saige
taisia
tadzia
yveth
yenis
yanay
maudry
amzi
avni
shey
fronie
aurion
wendi
fronia
wende
reyona
nakya
vianey
shanoah
niyah
wendy
tiese
pashia
estie
suyeko
hartie
jiwon
oswin
nida
ayona
shabrie
nikea
tarha
yuen
stashia
yuxuan
meshia
jevon
embry
jonya
embri
mieshia
nyiasia
embra
sarne
miha
tikiyah
cyntheia
miho
ryasia
javeya
keighan
jeanean
sinaya
burtha
nekeia
jina
myrtus
chauntay
fathia
jini
sharunda
nhia
tamsin
moina
trejure
naimah
jatiya
chauntae
jinx
tahsin
davion
astry
nusaiba
margy
kande
kirston
maisha
kanda
mistye
artra
undria
marge
astri
kayana
kathia
margi
gaia
kathie
nadea
astra
kayani
aerith
kmaya
samyah
itia
jachai
eniyah
sundari
vencie
donja
beata
jnaiya
ashmi
beate
maury
eris
steysi
erin
maura
camryn
jibria
erik
krysia
erie
jentri
eric
eria
diego
bartha
barta
tayzha
sunya
rhema
teryn
niveah
stav
audean
makhi
yiesha
meghean
tracie
huyen
tunisha
keysha
mikaiya
dewey
coye
ieva
uzma
coya
shevon
girtha
rhemi
shuna
jaquoia
euba
kyrin
kymaya
corniya
beyda
moshe
padma
ayeshah
stewart
haydon
taeyah
andry
aidet
andre
kayme
unica
andra
suki
masen
andri
kaymi
baya
winfred
tobin
baye
ruthye
tobie
unice
abry
nygia
daneyah
sumaira
sinem
abra
sinea
thedra
abri
hayde
uniquia
shronda
sadye
jorey
tandie
janaeyah
sajni
rhianah
darbie
adgie
gracen
haide
maraya
haidi
kayonia
ioan
tesha
gracey
haidy
bevan
minseo
rydia
monce
raiana
shyasia
mahia
mahie
paycie
warna
sarsh
criscia
natoya
mahin
starcia
quinsha
taijae
shanaiya
jordon
asie
charsie
evea
shayni
metzi
sobra
ramie
javeyah
camyia
evey
nev
evet
markay
tiawna
sheindy
meg
mea
aubry
ramia
mei
matoya
aubra
osha
aubre
guida
drea
aubri
mey
aydia
deiara
masha
cheyney
noya
shwana
cinde
dru
jamy
aydin
omah
jame
maraiya
jama
cindy
saidie
bethia
dre
jami
bethie
kensha
teyona
tatia
fairen
ameah
reagan
jasaya
mecha
jakhai
moran
narayah
morag
teuta
jahziya
niasha
keiryn
niurka
yura
umaiza
mahrukh
nkem
kekoa
arma
mekhi
yaren
niaira
myeisha
teaona
joanah
huberta
teiya
mayani
gaosheng
maimuna
verbia
jaydy
verbie
aqsa
kaydan
ubah
pashun
brasia
akie
jaydn
akia
chisom
jayda
unika
maymunah
quanshay
jakiaya
adryn
quanshae
venba
taiesha
kharis
joani
tenzin
joane
joana
treca
joany
shrhonda
quortney
parmis
disaya
kyna
corma
noeme
raiyah
kiyami
brieana
becki
aniye
becka
aniya
royce
breyanah
berdie
thira
berdia
janis
sitha
janie
shawda
mania
jania
janic
yayeko
breshuna
janin
jarma
tawnja
fifi
sancia
nahja
mirsha
curtney
jacob
joie
rashmi
afia
sharmia
chayce
ruhika
toisha
seandrea
oriya
tzivya
dereon
thomia
crea
maezie
anushka
ises
aston
anij
anik
ecko
nakiea
amiayah
jenis
anie
shakyah
ania
diyana
jenin
jenia
astou
jenie
anis
briany
anaya
thena
riona
anayi
keris
janayia
boni
briani
anays
dascha
kerie
bona
briana
keaten
keria
briane
dawt
nave
dezha
tshanti
navi
kodie
aida
jouri
cuma
takyia
doua
aidy
doug
dawm
joury
nariyah
musa
debie
nerty
naijah
mandy
mande
kiea
manda
nerti
nerte
keyajah
geona
nerta
tashi
samye
kyomi
samya
tasha
nakaiya
tashe
somayah
ramon
yafa
remiyah
mauren
watha
megnan
firdaws
heathyr
tajae
artura
rindy
qunita
rinda
ariyon
kathrean
isa
rindi
shamya
andie
jaede
jenea
andin
grady
tasean
jaciya
taiasha
deiondra
jimaya
thedis
iasia
myran
brenai
ronya
brenae
abria
abrie
esha
kreindy
febe
brenay
mikayia
chey
pakou
kenja
keischa
tareia
dymphna
daina
synaia
daine
jerusha
quartney
iyeisha
tongia
minh
mini
juritza
tzipa
shaniya
mina
patsie
sharyn
sharya
miera
tkara
chesa
camyrn
rokaya
kimby
avion
sandria
kimba
teagan
chatia
senta
karmah
merdie
kirstan
mirtis
shanaye
nayarit
temkia
koko
ayten
keah
kursty
marin
mario
marim
arshi
merdis
marie
arsha
faya
yeiri
rokiya
kazuko
tashia
tashie
doe
vanaya
maikia
doy
dovey
briya
dor
shria
nashyah
breonda
yujin
teneia
undrea
rheya
sondi
haygen
akeya
koda
arpi
kyeria
tabia
arpa
jhonae
dorys
tiahja
jmarie
deitre
yahya
dvyne
jataya
sokhom
winton
janyth
nakeyia
joycie
sarayah
saturn
sudie
gaige
meahan
deshia
eara
kandra
jeanae
bae
eary
shiho
faiza
tasiya
bai
pardis
nafia
ritaj
kethry
thursie
tiyanah
kayci
myka
chrysti
kayce
eriyon
chryste
judythe
taiwan
chrysta
pete
miani
peta
tarya
saia
syeira
miana
braiya
dairian
franes
dayja
taryn
eudean
brynia
dakhia
oma
threasa
rimas
gentri
mahrosh
fayza
creda
kaysea
azah
marycruz
chayton
nayona
adiam
dajshia
cahya
preksha
wiam
naiovy
purnima
shinaya
umeka
teigen
unk
umeko
tiany
foram
nikaya
cthrine
monai
monae
jinan
jinah
enza
tiani
cenai
kirti
monay
bentura
tiana
quina
tiane
cenae
ayah
ayak
saedi
ayan
deiona
graidys
arbie
cyrus
earnie
basia
tina
jordie
pihu
breidy
jordin
ayat
paycen
judean
katen
chue
amunet
chua
chun
jakyia
deija
sae
armie
cambi
kota
seray
daishia
kaeisha
neah
tane
shanbria
seras
serai
makieya
tmaya
nikiya
tirzah
jadien
jesa
doha
cana
miriya
jesi
graicyn
verdie
jenaia
kyjah
carmie
shama
simren
carmia
carmin
yukti
jesy
shami
mako
quana
kitra
kizi
hirma
ngina
ruperta
reka
kahia
triana
danyia
kiz
biruta
birute
ynes
fredna
kip
nyome
ruthmae
merna
kim
kia
vandy
kie
nurto
verdis
tiauna
romy
endia
dagney
rome
endie
roma
saquan
tonoa
andaiye
syia
keyva
nashwa
ceji
pondra
wania
maesyn
tequia
ardeth
cretia
mabrey
ciara
versey
venda
riyana
autumne
taniaya
savy
rhia
myreya
janeth
mhairi
savi
iyari
vandi
sacoyia
sava
egan
natay
ryon
dreama
aubriegh
keiva
gurtrude
aiona
taki
natae
naydean
shyma
onyah
eyona
kazi
marian
birgit
geargia
macia
moira
macie
dmiya
janka
jaque
negan
janki
jaqui
deah
maxie
jarod
nonya
caysie
fouzia
reven
nakhya
bushra
hidaya
kedra
revea
yoana
jandra
sonjie
sonjia
kyandra
maedean
jordian
maitri
traci
orpah
katuscha
astin
eurith
triska
shatha
paig
wandis
niyara
oren
rudra
azury
saran
aujah
susian
marshay
teasha
orea
chumani
azuri
haruno
marshai
haruna
azura
jeny
somi
capria
nerva
jyasia
jeni
jena
dariyan
sariya
daun
mushka
dariyah
cymbre
daneya
aureon
debor
mernie
bert
uniyah
saegan
ramah
bintu
taisiya
vasti
etha
purvi
teaghan
binta
bera
tasja
binti
beri
kioko
aisja
thanhtruc
sharmon
kioka
chawna
shrika
maysin
ceason
kaina
maysie
arnae
shia
jabre
shie
jahde
jahda
maiko
bionka
damne
mathea
sidny
janeia
sidna
sidne
nyaira
sidni
maika
humberto
journei
sabrea
natyia
katri
debro
diep
dorsa
dieu
rodas
jasmain
diem
chiyeko
jonet
totsie
niyia
uvonka
khira
jonea
seantae
dosha
tayonia
breiona
jackey
keysa
chamiya
byanka
shmya
kionah
omya
skie
deshundra
teygan
marka
hamda
mekiyah
paeyton
greyce
cidnie
devayah
hydiea
darya
wiona
daryn
miyuki
tazmin
gursirat
ayanda
nupur
shatae
faunie
kiyah
kiyan
rotem
rokia
kevi
kadri
curtesha
merion
indiyah
kadra
onia
anshi
brinda
sevin
murdis
brindi
dia
gypsie
murdie
dix
tamzin
margaet
merin
brindy
duriyah
keva
ashay
yvon
nhyira
riese
riesa
phaedra
ashai
jamay
shavy
secia
arvi
rosmunda
debraoh
arva
tabor
mytien
favour
tayea
vedia
janaea
teara
yaindhy
dewan
janaeh
onis
harpyr
chamaya
irian
catoya
darcia
deria
tisya
darcie
tayten
taytem
hasya
teandrea
derin
easton
tiante
ahjah
ginia
jendaya
britza
tremya
jendayi
kaidan
boe
jabrea
aidah
farhiya
iana
aidan
yuria
daijah
cabria
sashya
verga
kayah
nayari
ainka
eriyah
rus
keyante
myia
keyanta
pesha
ayo
ayn
saki
ariea
keinya
arien
cieana
aya
demiya
keyiana
nyaisa
peshy
gamya
kaytie
janiayah
cortnie
vawn
chistie
nitoya
orian
jameyah
tajha
joria
nseya
cintia
markyia
soua
urja
charyn
apria
tayha
brescia
natiyah
niyoka
sragvi
edna
iyania
nesbit
dhyani
adrain
tuana
jincy
dhyana
suria
tearia
nyx
nevin
sruthi
sismai
pina
nevia
sundae
tayesha
tajsa
asma
keirston
dashiya
shasta
candius
idia
asmi
nya
evyn
dawndra
deardra
shushan
keonya
rickea
mysti
toshiye
bethea
dawsyn
mac
jhania
mae
mag
breayna
mai
mah
rickey
neco
vercie
myndi
ayiana
riya
nouf
dachia
ugne
neidi
demaya
nour
jaia
teondra
jaid
inayat
vonya
rimsha
sakoya
patrcia
tovia
tevy
kaviya
chanaya
ayasha
deziya
shaka
joci
yema
satya
mabeth
chisty
mais
niza
satyn
thana
maie
cyana
maia
cyane
cyani
jansyn
porsia
misbah
saquoya
sedney
shekeya
tiaisha
yenci
quisha
cyntia
kortne
anson
keyari
gavyn
keyara
tremyah
tandi
tayeko
anyae
kaniyah
samoya
mahek
tandy
krisna
yanae
caydan
dasiyah
dipti
adjua
yanai
aybrie
nashiyah
jimyah
toriyah
sumiya
creasie
sumiye
tansey
yaret
adrea
navayah
honie
simcha
kimiyah
mainhia
virma
rowyn
samoan
khrystyn
phuc
ciyah
dziyah
hawra
queta
jsandye
haydi
montoya
haydn
trudence
ajah
ajai
yury
quran
myshia
chavy
keity
ghita
ajae
chave
meiqi
ajay
chava
juniyah
ori
chaniya
fraces
chavi
aneyah
ora
rhiane
tigra
tigre
jakea
rinad
nuriya
nico
theary
macon
jahziyah
crin
whtiney
jarin
jaria
tayra
tkaia
jarie
teagen
mieke
tkayah
birtie
mieka
ciniya
mieko
saraiya
jaris
miasia
cris
gradie
jaquith
nashmia
giara
menah
sinae
daune
dauna
fiera
ambur
keisy
miyana
jenet
miyani
rowe
meme
kerma
bobi
kadrian
keyunta
trisia
emya
deitra
anum
sifan
daveon
pegan
makayah
pegah
paje
toyoko
tremia
namiyah
sahej
getrudes
seniya
jaidi
sarha
jaide
sakiya
stefnie
jaida
jream
danaiyah
dasi
awna
jaidy
nayara
rykia
aneiyah
dasa
chika
ayesha
kevin
chabria
tramia
truby
nicoe
tambrey
imon
momoyo
prianka
kameyah
betsye
yasmyn
traca
mayghan
niosha
bety
ketsy
fajr
kaedin
najayah
samus
tracy
brysen
nayeri
daizjah
digna
gyra
britan
pushti
ceasia
bonzie
jmyra
paytn
harvey
manshi
senaya
taime
saria
raniya
shurhonda
prema
beaney
rethia
einav
niyanah
keiana
mirza
takia
uranus
josha
midhuna
farhiyo
mikai
dick
gretchan
vernis
aurian
fanta
dicy
ivye
keiyona
mintie
taura
saiyuri
tahiya
yousra
muna
hadja
gea
tikiya
fusae
geo
gen
mizuki
ketura
deajah
tiertza
bivian
taimi
tatumn
inya
breajah
whitnie
oesha
ardys
arusha
mosi
sukari
arushi
jynae
tranya
sean
maebrie
tranyah
jeryn
cathey
ardyn
achan
wakia
asra
taren
rada
arbra
rupa
gage
karmen
sivi
suejin
fayeth
thearsa
keshia
siyana
ranaye
maiken
kirstey
ranaya
sriya
keyasia
jete
umekia
tacia
kirsten
mashia
hedit
takiea
somia
tawn
jayauna
sujata
hedie
trami
sandye
naiyana
afshan
yamaya
tashea
bidget
kathyern
jocey
joesha
cyndy
kiari
sugei
shyaira
hikma
tersa
gerda
hodan
yaniya
anthe
cyndi
antha
sugey
anhthu
cynda
marg
mara
marc
jumanah
tabea
sneh
fada
marj
arta
deniyah
dyoni
arti
tacie
marx
dyona
noemi
sonye
chyene
wyomia
eastin
dawndi
haeun
keoshia
jataun
jerdean
dawnda
maijah
oumou
brejae
margit
sayani
frady
niari
jeanet
margia
margie
coco
yairy
jeanea
myda
ferne
marcea
ahja
casundra
destin
chondra
haydin
dawan
marcey
takyah
keyawna
yensid
pepi
sami
heiry
snya
pax
edwin
devaeh
deshiya
samy
miari
bijan
dayna
pai
paj
dayne
miara
jabrayah
keion
nicy
dejha
chaska
sayda
sayde
conor
jenson
saydi
teagon
michiyo
heike
suprenia
beitris
ngocanh
amrie
monet
deza
amrin
nan
ndidi
krosby
shata
dezi
monea
amrit
jimie
jimia
jimin
monek
akaia
bowie
greydis
kirsha
kyrian
giyana
insiyah
ason
tieysha
basma
tija
anushri
hanen
jakeyah
nidhi
hopie
jake
nat
nandy
mor
cardyn
seren
jaki
surbhi
ourtney
caitria
nandi
moises
kiara
caitrin
moe
nanda
kaysie
tamkio
kaysia
saudra
fritzie
kionte
kaysin
bijoux
azaya
taja
taje
somiya
shiara
janaeya
kamyia
sevi
undra
shiena
kiary
oshen
sanyi
shunte
sruti
shain
shaia
tatom
joan
cynde
sevan
patra
shunta
airin
qiana
airis
shanai
caoimhe
sharvon
nekia
brigid
syma
keyra
ketha
tavyn
fatumo
beki
akon
brigit
hafsah
keyry
tramiya
fredra
taifa
teasa
yancy
dhiya
nekaya
suzuko
aiyanah
otha
kirpa
venie
roan
yanci
tanza
evan
deveah
tanzi
diani
simra
arvis
baotran
sidea
keiaja
venia
kytzia
mari
arvie
ashunti
arvia
ashunta
ashunte
shyia
dayany
nikeia
anrea
jacynth
ieasha
dayani
kieria
ahsia
dayana
perna
safiyah
dayane
yides
aoki
kacia
miyah
diane
keiry
porchea
chata
janot
kascha
keiri
hasmik
simran
donyea
farwa
maicy
thanya
gerturde
vick
ophia
ruthine
schandra
ophie
chamia
idaya
yemaya
ayati
hudsen
maxey
samiyah
choyce
kanyon
chirsty
jeneya
kimya
keiaira
greidis
norbert
teshia
meka
kadin
tenya
kadia
meko
chrie
kadie
asten
indyia
ashton
hiwot
ansa
ikram
ikran
troyce
vicy
ramiya
kieya
tiajah
wadiya
casta
kavya
raiyana
rukaya
kikuko
faduma
fadumo
mikyia
ogechukwu
dezra
regna
suna
chesna
thordis
oswyn
chesni
teina
nita
geordyn
chundra
damiya
kieona
kamdyn
merced
abyan
ronshay
stevy
ramey
jenaiya
jaydon
jesha
kyoko
nyeka
beva
kyoka
kiptyn
revae
hye
sofhia
judith
damaya
tres
ekam
kiowa
torin
saudi
harjot
yairi
rukiya
sauda
morea
dekia
yahvi
sivan
girty
sayana
pura
dian
dhanya
edy
arjean
matayah
yerin
niamh
dejour
aby
niama
dhvani
jiara
khedra
ajuni
benet
jonae
najwa
jasmyn
jonai
jonah
sumedha
jiyah
varian
jonas
minyon
saquoia
germya
shida
jonay
rheyna
jackia
desmin
jackie
tiosha
iuma
junia
kenta
searcy
ervin
tashan
niakia
breasya
shakeah
ervie
themis
megyn
sharyon
chauntia
trecia
tzivy
samaia
yaschia
enas
shanin
sieda
armen
kaisha
tzivi
jonie
ferna
eya
asti
teriyah
byata
afton
kathay
asta
trisa
shioban
oris
yaitza
camiyah
brisa
deisi
nijia
jhanvi
ceona
deise
taunie
brighid
deisy
taunia
camya
desia
gayane
aubria
romya
amri
nona
edieth
des
jda
amra
fairie
nardos
nakyah
amry
rmani
niaomi
kyajah
dea
deb
aicia
heran
vinaya
kripa
yanet
sharo
sharn
doxie
shary
janayah
antje
paxtyn
janiya
tayisha
eidy
amdrea
thaisa
arzu
shakur
rya
berthia
kaesha
raqiya
toiya
seniyah
viena
deysy
tine
vieno
janaye
myani
westyn
deysi
bryse
genisus
cayton
myana
charmi
sofya
brady
dezmyn
kapri
mytia
bradi
seaira
tvisha
kyrsha
daya
taven
sama
achaia
arcie
rand
naiana
chiaki
steicy
dnasia
diasy
eadith
ceren
chasie
chasia
arian
veyonce
pene
dmani
edmund
arias
bracie
peni
twonda
rani
oka
cutina
fiama
suhad
kindsay
vidhi
johnia
koty
shakura
johnie
ashea
kaci
kace
chanyah
darma
pam
jerniyah
kacy
conie
ashey
nyiesha
urvi
andrya
shaikha
daisja
kurstyn
bnai
hara
auryn
oudia
ryan
beren
berea
haru
edra
hydiyah
docia
docie
teyah
prina
shnequa
miram
asayo
jakaiyah
ashyah
sheza
neavah
theryn
breina
jovon
pascha
rickia
gurkirat
jaea
debrha
dorsey
moncia
tehran
bethan
kayen
aoife
tahra
kiesha
naiyma
kayesha
aydah
evorn
asiya
keiundra
aydan
nomia
jnaya
omia
birchie
tedi
cady
remya
nakeia
dona
cada
wadie
reagyn
cade
makhya
doni
cadi
nacy
tefta
koi
irva
koa
koy
rockie
hixie
kou
wortha
akai
audrye
ramzi
patrea
pari
keiona
jaraya
trenia
tonua
hiba
hibo
cesia
nikaiya
mahak
reagen
peony
jurita
deora
kaydyn
yaned
nhuy
sare
jasie
jasia
kaycie
aiyana
khisha
mikiyah
kaycia
shakaya
aiyani
jenda
acie
nashia
kathrin
jmya
yayra
garie
denaye
trischa
pinkie
turkesha
denaya
kayte
caiyah
chary
jakie
bayah
janan
bayan
jakia
brisais
dayton
janae
charu
semra
daphni
charo
gopi
daphne
janat
chare
janas
ajea
faryn
redith
sophyia
carmon
pavia
meina
sakthi
aysha
nube
dareth
tambre
thomas
neydi
nouha
jaret
kricia
neyda
rachae
johndrea
carna
fina
jared
tambry
shunita
jaedah
stefa
kanyah
jaedan
jenay
kaygan
nyobi
giany
miyabi
jenae
morgyn
miyanah
giana
jenai
jenah
feyisayo
jenan
donya
nira
donye
aubryn
jraya
meah
meia
cydny
rania
aubrye
rethea
nautia
kynia
cydne
sundi
paetyn
cydni
verdia
ramaya
danta
amzie
dante
garcia
michie
deniya
riniya
simiyah
narya
tambria
vina
noura
khamryn
tariq
tertia
sahib
aroush
fana
kaegan
tayja
fani
tashunda
fany
myriam
myrian
anaiya
bryne
jaydah
bryna
rosio
keyuna
shamay
shamae
pepsi
krys
etna
sadhvi
jeorgia
pama
tarcia
ekco
afaf
shameya
kandie
astryd
dayzah
kandia
jekia
judine
kabria
kandis
kerian
swarna
otsie
storie
jaiana
natusha
brianda
kmya
nateyah
pria
nakoa
kinzey
shanyah
stancy
nakea
raisa
reta
ravan
brenya
ravae
brenyn
gerie
mikey
nyema
freta
mikea
yewon
mikayah
rexie
kathy
whitnei
miyari
shaynah
najya
shuronda
kathi
keyarie
micah
keyaria
gai
aziya
katha
soyna
gae
kathe
motunrayo
bianeth
suha
kagen
inus
keven
nemya
bronte
sukanya
kenra
bronti
sephra
karmin
mystik
mareyah
saoirse
darsi
enga
janaiyah
subira
karmia
cathay
tzivia
kisty
darsy
sarda
breanah
yazmen
monroe
tkeyah
ogie
rutu
suyapa
kaethe
ewa
shaska
taiwo
rechy
hamna
dianthia
dunia
saory
vanja
ruth
adiyah
nydia
veona
sya
dhrithi
tashae
roshni
syd
phronie
keshea
teashia
phronia
bryona
panya
tabria
ticey
maxy
jodye
bryony
tashay
timia
keya
sayuri
mamta
tash
kaede
miryea
kaeda
noran
nazaya
mianca
saima
keyeria
sabriye
toia
rhaniyah
sydnye
caye
euna
caya
joesph
maghen
faiha
suah
doray
kiava
regin
saori
toney
doran
tiondra
shaisha
mavi
kista
nakeyah
caytie
hikaru
mava
jetoi
ocey
jkira
kayori
aneiya
arayah
eunia
robiya
tjuana
takeia
myaisha
bia
rashundra
akeiya
jadrien
devyn
nuria
sabriya
sophiea
sema
endra
sequia
tatym
shanzay
nurit
shayona
mayda
tascha
brena
brene
markaya
nytia
marjon
hedieh
dreyah
triny
cashae
casmin
cashay
pei
ikeya
khadjah
suprina
rhianon
savayah
keiko
cyniya
shizu
timyia
rosamund
ciya
markya
naobi
qiara
rikiya
taji
shenea
jazayah
mahkiya
ndea
jocie
maudy
kaebri
maude
mauda
anieyah
bisa
ayame
aindrea
seriyah
tahsha
ayami
daisha
frika
misaye
domie
miryah
deaija
misayo
miryam
miryan
sonaya
aivan
varna
kyri
emnet
centhia
soria
kyra
kyre
kirsti
kagan
shye
kirsta
adayah
dejae
boyd
vivan
murphy
neiba
nodie
seria
phedra
serin
isra
emna
siedah
hisae
norhan
verma
keitra
enyia
guinda
shaindy
neya
daishae
adaia
mayha
keiera
bahiya
ashtyn
aiya
nancie
constanc
iyesha
cura
shamyah
vevay
namaya
vitia
jehna
dondie
achsah
jadian
kirk
kiri
brezae
kitzi
ayzha
treisa
keyasha
kitza
kire
roen
keynu
ednah
iyeshia
urena
chiquta
ghenet
keyna
catey
monie
monia
katoya
rianon
geniyah
monik
dinean
moniq
nguyet
keidra
sora
kourtni
keiani
jason
myeka
tram
cynthia
yixuan
breyan
graye
mehek
koesha
tavi
jahya
cynthis
nariya
ashdyn
jastyn
bemnet
tani
sahian
briyona
dmiyah
kimbria
kieren
siobhon
ambert
sabia
janci
tunya
koharu
jance
tokunbo
jancy
toka
jyia
porchae
ghina
ragna
wendye
daksha
nairy
carmah
chesnie
bernis
maruska
donyae
joei
niobe
shuwanda
czaria
sabiya
yesnia
rhaniya
naira
bernia
niobi
joey
maomi
maecy
sumara
vaune
eugie
sioban
maeci
trisca
ruka
anthea
jency
autunm
vivian
mashaya
kene
fiori
yiana
jenci
fiore
naria
fiora
kmora
keyri
nyeisha
kadey
kariyah
theda
nache
ashaiya
marshie
thedy
jayona
suzon
vertia
ksandra
ruthia
novah
vertie
ruthie
narin
mashiya
cera
rougui
huda
dabney
persais
ceri
anwyn
breyauna
hudy
nertie
danja
cyndra
dabne
nieshia
kharsyn
tana
jache
aniyia
sakeya
cha
deysha
che
nataiya
uniquea
chi
avaiyah
janyah
tiaka
ninah
sanaia
chy
bethe
tracye
usha
drucie
keydra
payne
kashe
jordain
kasha
traie
kmarie
jyena
virgnia
nekea
ashriya
tashyia
sharne
britney
taryah
jaxyn
miski
kemry
erwin
mesan
febie
britnei
jashiyah
mikhia
vincie
theria
abriyah
diaja
nivea
sada
nioma
arnie
froney
katja
reva
demetrus
shabrea
reve
niome
biatriz
tincie
nykhia
biatris
benay
jataiya
kamry
daiona
rucha
fran
nimrit
sindi
ruchi
mervat
fayga
kamri
madaya
jasmen
kamra
benae
ruchy
erza
charmain
binh
jainiyah
korin
bina
gunda
shykia
sony
reby
traniyah
neomie
neomia
jira
enes
pandra
thuyvi
tawne
ruthene
ruthena
rikia
stasia
sione
kana
siona
breanca
nikayah
brisny
eun
bridget
sib
eua
sia
ruvi
maryum
marsi
hjordis
brisna
marsa
concha
prisca
sid
dah
dai
dazah
ruthmarie
brayton
guendi
desma
daveigh
areyah
sunie
tansha
stacye
versie
poetri
reata
bionce
jerzie
bionca
amvi
toki
kriti
marium
sadi
dixie
versia
tacy
buena
gaonou
miajah
jyra
dnijah
doras
khamya
kiata
margean
maytha
makiyah
sirat
shabri
maythe
dewie
makda
maty
oumy
rei
masayo
reo
mata
rea
masaye
mati
madisun
jordae
hestia
chiquia
kyshia
frani
ginae
tangi
khara
jahdae
machiya
coey
vaunda
amirh
jahdai
byanca
yara
yurith
wyota
nashiya
majuma
ireion
seba
mida
masiya
trinia
chaisty
tamkia
fernie
bedie
bijon
trinie
shuniya
bama
faten
tujuana
bracey
keambria
chanya
brydie
etnie
bijou
sumako
brucha
tanda
rekiya
taetum
johnea
roche
chasey
juwanda
nkauj
johney
harue
pota
bruchy
niemah
tayani
taneyah
kambry
tayana
nitra
kindsey
kambra
uda
dnae
sveva
kambri
gean
hau
theoria
yeni
yeidy
syvia
keyaira
fritha
rheana
danyea
yeng
brizeth
sumeka
ashya
sumeko
tzurty
kacie
ayaka
dareon
rache
diadra
nonda
hava
jiesha
ridah
idah
sarit
trana
deadria
ngone
mio
kaity
mia
dodie
mie
hevan
khiabet
sniya
janon
chaise
miu
cosby
toyana
keuna
sisi
eres
hazen
trixie
kesia
adaku
teaghen
nidra
endiyah
sheba
ceria
deijah
ardean
aidyn
akoya
keira
stracy
dshanti
myan
kayson
kita
karyn
yasmein
sehaj
necie
nyasha
necia
akhia
desiyah
darnae
teiona
kashunda
gerthie
betsi
yuvia
kyante
jamayia
sharyia
paije
betsy
kirbie
gayatri
khiyah
shahed
yanin
neasa
kaiya
areah
udona
matney
yania
jorjia
akea
treniyah
beah
verniya
dayshia
diandra
trudith
binca
diandre
yanis
sindhuja
dietra
ganae
paiten
dazsha
cachet
berit
bintou
porshea
evren
breyon
madai
brixton
jasma
maday
jaques
uzuri
kiandria
mayeda
coryn
pinkey
sigrid
susan
fatou
kyashia
aigneis
meyosha
rowan
naysa
mayna
jencie
bruna
caida
janet
chyan
janey
ronja
janea
simrat
tamre
janei
caidy
carcyn
chamiyah
sephia
chonda
kieyana
tatem
sieria
toie
schae
soyini
tenaya
rima
nazayah
denie
timiya
denia
therma
denim
myeshia
keirya
ayari
oanh
denis
haset
mayrim
deniz
eymi
kasmin
shaya
mataya
ianah
eymy
tanayah
nyosha
senga
amaia
niki
emuna
meuy
aubrey
faeryn
mayzie
doney
aubren
makayia
quneisha
kyrie
aubrei
drene
thora
drena
aubrea
orphia
rhiamon
ysa
agam
minaya
takaiyah
carsyn
readie
vidia
manha
dontia
aneah
nieisha
vira
nincy
nyre
nyra
sophiya
baiba
tayma
tayna
tayne
rawan
foxy
tusha
bopha
tamah
cubie
tarja
cubia
kabrea
sauna
kyndra
kaida
shamea
orphie
seta
seth
petyon
earmie
jmaya
wyn
deirde
quiriat
gretchyn
raivyn
nihya
storey
fumiko
mumina
cemre
doniyah
karey
nghi
jayn
teghan
quiera
ady
ade
aruba
reha
adn
maesha
keisi
ruya
mikie
adi
icie
marhta
rhinda
icia
rickiyah
myshae
icis
shanque
saidey
shanqua
jaziyah
surai
sofi
atha
dunya
kevan
vyvyan
tnya
ramayah
keoria
kodey
corniyah
tieran
jaeana
conrad
candria
armand
shinae
tran
timeah
yudit
kamayah
ethne
deaisa
marcy
varie
emyia
marshea
majda
toyce
jeniyah
kyia
nayima
esa
tuyen
saina
marua
esi
keshay
safah
nastia
yaeno
shevy
paytin
darci
syedah
dhani
sherea
auraya
dhana
andea
shunashi
vaudie
mikah
netra
noha
tomi
marzia
marzie
gabie
einin
vaudis
dorean
dorey
chevon
maghan
dores
tanhya
seya
eina
kobie
adna
nirja
doren
dorea
sondos
chinda
gifty
shervon
suparna
reyana
ticia
bridey
sadeigh
sydne
kadiatu
naveyah
joaquin
mazi
girthie
greda
rheta
shaneah
neven
mehret
tkia
meirav
tamae
brana
brany
rhania
memphis
srika
kmiya
keundra
sache
khania
jynia
tiaya
tumeka
misti
yaiza
jadrian
miste
nedra
yodit
pia
tomya
romney
frania
dura
mayana
dyuti
jentrie
djuan
duru
auniya
mimia
nayha
detrick
naryah
patsy
audna
sinit
montea
cashea
empris
semia
sosie
charmae
pheobie
neziyah
niva
ceandra
bitsy
uba
somtochukwu
weta
reasia
shenai
maigan
ashwaq
kanaiyah
shenan
omie
kait
rhemy
izma
shenay
shekia
onyae
morna
nikia
voncia
matiya
ndya
kaia
tearsa
yenta
anuhya
nikie
amran
deaveon
vacie
yenty
kaitrin
deri
kiyanah
dera
pariz
porshay
mikeya
paris
tairyn
sinia
umayah
nadra
darthie
kieasha
mhya
paria
pashen
ryesha
dakiya
parie
deambra
haruyo
preshus
reace
evern
tekeyah
jacy
haruye
siena
itzae
maniya
beyonka
senia
hermon
senie
jaci
soumya
jace
crusita
kamyah
jahria
amruta
veria
suni
venus
srushti
symya
robie
breyana
jaiya
ece
kiva
arwen
kahea
bunice
teren
ashten
titia
naia
faye
nermin
sonda
ezmae
jayza
ruben
hidi
brijin
minta
reyah
rubey
kum
ain
trinda
nubia
ezmay
ayshia
irha
disney
aeryn
kayren
marea
anjae
paty
khepri
cinzia
tameya
adjoa
roya
rema
pati
rekia
beca
nazhae
vashion
torian
cnythia
ngun
ronyae
meraya
niyana
jontue
teaka
tait
kiuna
rhen
kieran
madge
iysis
maziya
airian
jnasia
dwania
sakaye
raida
shyah
stina
turia
rwanda
shyan
ryia
fatma
fatme
genaya
jaiyah
tehya
tesia
dhriti
aizah
savya
myesia
dorain
thida
tashma
mariruth
tampa
onie
makaia
nyveah
dode
dodi
joia
aeisha
daizha
veora
dencie
amsey
henry
neisha
ernest
dody
carmen
yunxi
jaedon
kaicey
ambor
yared
trese
neyba
tekia
buna
ena
jaquis
indyah
anthia
andreyah
kadan
jakaiya
renya
mysty
mateya
tiona
ruthey
phara
judit
amaiya
caia
geniya
quin
ivian
marsia
riane
turina
judie
smrithi
dawnya
judia
edyth
mesa
keazia
suhavi
veonka
samanth
amie
amia
mabrie
miyu
khaira
nashaya
amit
khairi
ayerim
diera
kinuko
eisa
manju
sbrina
adut
nahia
yoshiye
mykeya
nahid
crmen
phiona
ima
cante
soniya
noemy
yuni
reita
edith
saskia
imo
anoush
sonya
khaniyah
tocha
munisa
bryson
kayoko
noema
tochi
brieona
yoni
iowa
britnae
chizue
britnai
vyvian
sueno
tempie
hiede
shamayah
iyasia
yuna
britnay
hiedi
kearie
jadia
seva
kearia
jadie
saby
jadin
sanaiyah
jadis
sanyu
dhwani
oviya
fonta
didra
candus
seara
neoma
diya
diana
warda
autry
neomi
rocsi
diany
damyah
hanh
autra
britnie
neomy
saundria
sabria
vada
caisyn
sabrie
yomna
sheonta
rickyah
sabrin
chineye
aji
hoshi
raiya
jemaya
paesyn
vayda
aja
niti
raiyn
aje
nia
cheyene
myasia
jonis
theia
fred
niyema
juyne
doyne
sakhi
jonia
shazia
mikyah
briony
jeune
jiya
mayuko
jemiya
dayo
khatia
mythri
brioni
chian
brione
daye
briona
audreigh
rane
marwa
bridgid
rana
ayna
enis
nhi
aeja
arieah
nhu
kyaria
bridgit
nekeya
aviya
sumie
enia
rany
sumin
enid
siouxie
suzi
koen
ketia
briyanah
koey
maygan
geana
magda
geane
mistic
norda
mistie
seoyeon
samon
nijay
paetra
avaya
raigan
nakyia
nijai
nijah
nijae
tuscany
bethzi
shambrea
nakia
nakie
verta
andreya
nyimah
shuntana
mirta
jordeyn
deivion
karent
shayera
sacia
stacey
vian
sarath
chevie
rai
quiandra
arba
charnaye
chevis
ehren
taire
mekea
charen
nasiyah
nimah
sausha
charea
ocie
maisie
maxi
derek
nimat
thoma
guydra
apurva
chevaun
maudean
deayra
bambie
aba
cresha
ocia
ryna
yaira
taina
shiza
jaimya
troas
jersi
rogers
stcy
nayiri
dagne
naevia
tamura
jersy
haivyn
tha
dagny
abi
seka
quian
pasha
yani
agnes
ariya
saga
shachi
azsa
shaivi
radia
tavion
ushna
radie
oca
tniyah
gioia
kiniyah
susana
vanyah
maycen
sharnaye
phoua
semon
naudiya
shradha
mhari
mayfred
gogi
teaisha
haiti
vadna
shaza
sunia
ipek
gareth
safeya
sahriya
rujuta
wuendy
kyeana
danyae
chanyia
danyah
yagmur
countney
candias
aysu
sekayi
ashyia
roisin
nur
mycha
riuka
aysa
ayse
ayako
ariyan
tritia
nadaya
raisha
urana
kymya
renda
caedyn
judaea
jeiny
rendi
oniyah
tereas
heven
saraiyah
mui
rendy
tuwana
tahje
araya
asiyah
mayne
ranie
taundra
jameya
syren
byrde
rimi
migna
marjie
deidria
muntas
shoua
nayani
miyoko
humna
persaius
oshai
nayana
miyoka
syeria
vismaya
tomkia
jadai
kutana
sochi
karem
karen
naki
dakiyah
rhayne
journye
nadiya
jadzia
tasma
sahrye
gidget
keyani
jasyia
irna
keyana
chasney
anyia
mahya
kumari
porshae
rhavyn
fanchon
nargis
jmyah
keyria
urhonda
shnya
trini
shritha
keasha
brithney
uarda
devry
mentie
miona
rhena
berma
monse
devra
frimy
krimson
aesha
jaquin
kathran
jaquia
kendia
tioni
adream
tione
adrean
ruweyda
kinue
myrta
nyaijah
shawta
nika
eardie
mahkya
khiana
nike
chiyono
myrth
kajun
keaire
niko
keaira
afrin
nykia
tshwanda
sigrun
dotha
mayo
jaecia
faydean
jonte
roshundra
ripsi
auset
vaida
reyna
tianah
khirsten
sindhu
emayah
aisa
siqi
donah
daizja
dimon
atoya
theopa
sakaiya
chizu
shafon
shavan
denea
garnie
jaedin
teidra
vicey
rhana
keiren
maisen
gavy
kyrea
ceaira
donae
kyren
kania
sahriyah
trina
gavi
ruah
trine
maisey
anyi
trinh
oshay
aubray
anye
stena
shabria
anya
datra
anais
madian
reyne
freada
anaiz
anaid
anaie
bandi
anaia
anaih
yesmi
amoi
martha
midge
saniaya
sheandra
miria
yarin
jasai
nashay
adria
yaris
amoy
jhoana
adrie
vija
avya
amos
amor
roua
nashai
adrin
djene
ninon
sophya
coumba
ruqayah
rhina
sundus
shamim
shamik
quamya
ica
rubenia
nashae
shamia
cne
meyah
quenia
keagan
cora
sharmyn
dajha
jya
cori
junita
keaysia
avyn
kandas
dadra
denyah
roxsand
cory
neveyah
awo
stasha
jadon
nicaya
morghen
greisy
dayzie
sharde
dayzia
sharda
javae
brion
earie
kandria
serayah
javan
abey
raiven
jayonah
niamya
kyonia
kamiya
corean
fayma
yeva
sheida
kyosha
arayia
voda
maynie
mabyn
tiasia
shqipe
vhonda
gia
caitie
gio
virgie
akaiyah
caitin
virgia
keshundra
semyah
eutha
deavin
searia
dorthey
kenza
kenze
amneh
kenzi
marien
endiya
beckie
chauna
reighan
vivi
dwyn
kairyn
pavni
evaya
dariyon
tundra
beatrix
vivy
erda
maryn
shayma
shinea
marye
tria
feyza
marya
dashna
scotia
trix
heymi
oyuki
marys
tris
neiya
samyia
kamaya
paeten
satsha
meriam
merian
syesha
mkenzi
dnaja
tia
seriya
daityn
jaxi
gursimran
noda
phoenix
davayah
nayisha
cambrie
megean
tanaiya
gabria
tashya
ahziyah
reighn
sanaiya
ertie
bamby
navea
shanyia
sharvi
schrita
naveh
margart
peiton
yachi
bambi
preya
ertis
brekia
thuraya
caysi
roi
sadaya
sumehra
bridie
mikeyah
adji
roz
kexin
shanen
kdynce
cayra
adja
taris
tshaye
ros
tranda
daysha
burmah
meryn
myrna
tosha
nimco
toshi
shravya
demea
besty
rushia
teira
sanyia
nahrain
dija
jarhia
quiara
jumana
seraya
naveya
nuran
tanjie
quandra
knya
deirdra
cyan
deirdre
ieda
bunia
niesa
aveyah
bunie
maicyn
edan
cemiyah
breania
atiya
jazaiya
modupe
ramyia
sadiya
bahia
montie
montia
jaymes
trene
trena
kischa
bricia
pankie
noni
ikeyia
haidan
keica
simeon
tacoya
timyah
dotsy
jenith
opha
dindi
aszure
iveth
saphia
janeyah
houa
kama
rivian
setayesh
tenay
kami
tamka
jamaiyah
tira
tarshia
ajsha
dreniyah
madhuri
tagan
miche
kamy
nikyia
ashien
madhura
cartney
dorin
henka
jora
dorie
raniyah
prudy
doria
jori
susej
suset
pruda
breonte
jancie
verian
paxton
dorit
prudi
maigen
akeia
thiara
ayen
uchechi
kyasha
umayma
genya
parma
dzaria
sumaia
mackay
shatiya
vivia
andi
kamryn
renyah
ande
retha
tondra
anda
khyara
vivin
drenda
reshunda
andy
taegyn
quesha
enyah
kaysi
casen
casea
kaysa
kaysen
casey
phronsie
kynzi
kaysey
shifra
dshae
teyanah
rion
vasthi
siya
rehgan
ahva
yves
judi
myiona
cherysh
tenea
roscoe
juda
saveya
maudrey
jude
vinia
judy
aidsa
tasmin
paiton
tasmia
fauna
niyomi
ranay
dehja
faune
kyi
dakia
myesheia
taedyn
kym
shambra
kya
stace
kye
myeasha
kija
truma
chadae
ashtan
sensi
sidney
mehr
cotie
rubin
briget
sidnei
rubie
brijet
ebna
ryn
emryn
yuki
thresa
noris
shardi
kiernan
rinka
keoisha
nikiyah
emrys
tanvi
kaisa
riqui
deva
opie
rhae
devi
niekia
frica
febra
khyana
paedyn
breawna
chayne
genean
chayna
fatin
fatim
defne
armiya
maevyn
hydeia
gargi
chervon
tameah
nayanah
taetym
taide
kajsa
nimo
kacei
nima
nasiya
bradie
moy
nyera
kyira
kacey
shuvon
simrun
embyr
theada
bernay
dacie
nandni
maysha
naija
manya
momo
sendi
tiwan
ruqaya
teri
nami
shakeyah
tera
dejuna
tery
shoko
taisa
kegan
sareya
vanya
jaisha
atreya
sharnea
shydia
begum
nethra
sharney
sharnet
khandra
kadraya
nesren
kanoi
kanon
ayania
jaimaya
eja
dreda
astyn
shakoya
dyamon
taeya
kenz
tawsha
keny
ruthan
mysha
kmiyah
ayishah
keyoka
aphton
wendie
wanya
judea
theora
charme
netia
sonum
jerzey
peyson
mirka
syndia
sumika
nasaya
yamia
turi
ameia
nivia
brinya
yahav
jerzei
yue
sumiko
carney
tirsa
aiyona
nghia
feige
feiga
ninia
ondreya
imya
feigy
paytyn
jyoti
ian
subrena
ashuna
agda
rosean
eartha
nyha
suraya
dawndria
janyia
faythe
keyshia
dasjah
kaidra
niajah
hui
rutvi
khaia
mykyah
paikea
cambri
nathan
tamryn
cambra
kearea
misri
cambre
hudsyn
suriya
cambry
tashyah
choua
mieya
yaima
seri
rena
ane
rene
ana
whitnay
reni
triscia
anh
ani
mateo
pru
anu
kyiara
seana
reny
cathern
simrin
patia
nimrat
sofiya
vanae
tajea
tresa
arshiya
trixi
kymbre
tanmayi
naiomy
suri
kaveah
naiomi
teosha
naiome
kathyrn
naioma
aniyan
aniyah
trenay
ovie
kjerstin
ovia
medha
koran
sundra
sunita
ghadah
soha
nevaya
ovis
nikayia
troi
dorthea
najmah
ayja
rheanon
tashaya
maygen
shayon
percy
phenyx
troy
ceres
tene
kymia
mistey
sobia
ayantu
kumani
raigen
teny
aubin
nyiema
nadie
nahje
ayante
saniyia
nadia
kesa
marsha
aubie
koya
keanya
hoyt
masae
deriya
taye
kenzey
shataya
myara
jaza
yosha
ieysha
deyana
swendy
dazie
chakeya
tays
deyani
deawn
candye
yeny
khyia
stacie
jashea
quetcy
durinda
candys
aris
ciyana
bekah
areya
naydia
dejai
rohma
siria
masuma
bradey
kem
gurtie
daynah
arfa
euda
hisa
charay
naura
asuka
maximus
signe
utha
fartun
roena
jobye
mekah
tania
isia
ruhama
sayona
tanis
yeisy
tarcha
hajra
coma
tida
dmia
frumie
ariam
amey
yaphet
daria
jhourni
darin
rashyia
medrith
enma
daris
fatia
tikia
ahriya
brinae
mugdha
joryn
arius
mehan
humaira
roney
mehak
gracean
kyrsta
ginaya
chardon
vionda
nitza
dnia
kes
dajhia
roene
cordy
mireyah
nayna
saudia
detoya
shakaiya
teona
andrey
mairi
shenoa
andres
teoni
dotsie
andrew
tamia
andrei
mauna
dionza
andrea
tokie
sacoya
miata
rosan
yihan
desjah
casi
jesmin
jenohn
shrena
janien
gianah
sunem
casy
mouna
ryce
odis
thienan
sasia
keyauna
roiza
sorsha
vesa
shayra
humayra
rois
hermia
neita
dharti
duice
umaya
kiante
keonia
hevin
kianta
keonie
tiere
kianti
thuthuy
cartha
keyanda
bronx
janieya
karsten
tica
kinaya
mayre
keanda
kavayah
mayra
anujin
fion
cynthya
samiaya
yency
breda
javaya
taquoia
kirsty
quashay
deidrea
juwan
fadwa
odie
pacha
gavin
ninti
jurie
tamayah
thamia
satia
irby
mansi
gehad
endyah
nonia
areia
druci
doye
brya
keydy
brye
tonya
tunisia
hina
sharyan
tonye
beya
drucy
keydi
kinga
deshuna
kirby
shrina
simyah
tischa
benjie
sekura
kirbi
mahum
kenyah
gemia
gizem
jdah
aurey
deta
tranay
bryasha
auren
sosha
johniya
gania
aurea
raidyn
iraiz
vangie
aunah
kathren
toini
garen
madrid
madria
yuba
mykhia
meara
burdene
treina
burdena
oria
rowin
tupou
tangia
kamea
bente
tangie
johniyah
kameo
juieta
novi
hania
hanin
kamey
twanya
redia
tequoia
jaiona
kaitin
teoshia
ausia
breasha
joedy
kaitie
sari
dicey
niesha
kevion
jorgia
karai
ciena
jorgie
karan
stana
ratha
vonie
briyah
cambria
thyais
shinda
nyona
djana
denay
gari
garnet
hedvig
gara
torey
kathry
denai
gary
burton
ruey
denae
mawiyah
maeoma
daviyah
kyran
keiajah
margreat
yan
suzen
sopia
maisah
tretha
hoda
jun
yae
uzoma
kinya
dyisha
shahrzad
keashia
madie
biancha
tipton
madia
kaycey
mayona
nitzia
taeja
jasey
bridney
madis
nhya
nashea
kaycen
kaedyn
sujey
aiysha
acea
deriyah
jaesha
cheyne
kaesyn
tramya
keona
acey
keoni
toschia
rosea
mika
adryan
nyria
nancey
paitin
dyani
miko
trasa
hasna
dyana
dashiyah
kruz
rosey
dyane
vince
yuxi
cova
afua
nusaibah
wyndsor
miki
ioma
keyashia
vondia
taziya
tkaiya
busra
spicie
megha
navey
keiran
kaisyn
phebe
pheby
dayona
yami
jaryn
jarya
morghyn
misae
mumtas
maica
azja
javen
javea
fryda
earma
jingyi
disa
meosha
rhaegan
abia
abie
tiegan
jasmon
inia
daire
amnah
hesta
toniya
mandie
azayah
inis
cintra
swanie
sona
dorthay
fay
sone
seiry
soni
sowmya
hema
bitha
kevyn
tieria
grinda
fae
rox
kayisha
tazaya
aneia
shweta
hifza
keriyah
yasmin
yasmim
dhivya
kikuye
marion
kikuyo
matea
reiny
winta
mickia
ted
robyn
cindra
artha
kirsey
reine
arthi
shinia
gertha
kamayia
keonte
emunah
shardaye
brien
sua
teuna
briea
tashua
sui
kmyah
kyan
kyah
kisia
kasundra
cambrey
bisma
nene
tiaundra
neng
nena
rickie
kaymin
cambrea
tunja
jata
khris
navah
myrt
syniyah
navae
navay
madgie
remas
shniyah
tonaya
nancye
akura
kethia
myra
demie
sunehri
demia
ceana
shaneia
atzin
cadrian
thays
nekya
peachie
jayme
keiandra
jayma
viona
nayomi
vione
rushie
tondi
revia
tiburcia
santia
jheri
tajma
faina
teandria
tryna
nayome
miri
syndi
tanoa
nieves
mira
synda
mieasha
kortnei
maicey
heyam
ethna
berte
anuja
ethny
gatha
emyah
kaywin
charday
dajua
sharmain
azur
asjia
iyah
jakiyah
chardai
nicoya
chardae
yanais
merwin
divia
nyisha
karstyn
kecia
fujiye
chace
tahj
ptosha
knisha
couri
kortney
naryia
margeart
shenia
maiti
maita
maite
semaj
rohnda
numa
basmah
corban
jancey
arda
barba
jovi
barbe
marsue
barbi
maebry
daizsa
stasi
dorma
ardy
barby
maebri
adrien
jigna
unita
cedrea
farha
jeida
hibaq
kenaya
cosha
jeidi
tomaya
nuray
akaya
crisma
jeidy
hibah
bowyn
cieria
kirstien
itzia
brania
rika
beyonca
riko
neiva
japji
beyonce
persaeus
riki
guyneth
seanta
kyaisha
seante
draven
emra
marbeth
shacoyia
utica
sathya
cathia
asaiya
reanda
kieva
ganiyah
breazia
kynzie
siyona
teysha
caysen
casie
cathie
casia
kayton
mayte
sevon
marwah
ragin
ranea
riesha
yna
ryken
sumire
raney
breze
juhi
sheyda
neviyah
gagan
ecrin
destyn
airys
nija
shakyia
meagan
momoe
ameya
ayshah
wretha
airyn
kasye
breona
catia
rhiya
rinoa
catie
precyous
dayasia
areon
brijae
jayre
ercia
twisha
ezmie
jayra
ercie
jmiyah
mamy
suzu
exodus
daziya
kierney
toyna
tomiye
mahsa
tomiya
topsy
akiya
briawna
jaziya
acura
dereth
rachna
rauha
sheng
tova
nondus
deja
amryn
petra
kurston
nomi
jwan
dina
tove
sinaiya
jedah
quynhanh
mireia
kemyah
veida
nikeya
subrina
ketzia
fanci
mami
naina
meisha
katya
rodna
chamya
nuzhat
ceyonce
stori
avey
ayoki
verdun
kacyn
ayoka
shengyeng
dacey
dimia
stonie
reika
ekta
kency
tomiyah
aves
uniqua
jajuan
najha
kine
aimy
dany
kina
mame
riyah
nouci
riyan
kini
brytni
riyaq
aimi
dani
timbre
aime
raigyn
dane
aima
tenae
dana
taysia
marba
saya
greidys
reise
sharnay
nisma
veda
bianet
branwyn
sharnae
fiona
raighan
dedie
beyza
teaira
jakeya
para
teaire
judah
teyonda
nieasha
durene
dierdra
maison
kadyn
jariyah
keja
neveah
jerie
meygan
kentra
amai
rosi
toxi
sandry
sharkia
cariya
anwen
niani
chunta
jeria
jantzen
thyrza
trusha
jaemi
tehra
kieryn
naema
iyana
iyani
temia
quasia
shwetha
nobie
saraia
nobia
saniyah
sarait
girdie
ieisha
dasja
besma
khamiyah
shebra
sharen
sumera
dawnie
deyna
rhiyana
saryia
coty
jamyia
ezma
ezme
sofie
corby
britnye
coti
kimie
megna
ivaya
kimia
keyandra
anouk
dijon
najaya
tiersa
mareya
sanam
duyen
jadah
sanah
jadan
sanae
kearstyn
jadae
cahra
aeowyn
bart
tshai
daysy
barsha
azha
tajai
tajah
peyten
ara
reba
matia
daysi
bari
ari
dayse
sheray
tajay
tasfia
fusaye
aryian
inge
inga
sukhmani
jasmia
voni
jasmie
jasmin
vona
shardia
bibi
korea
koren
erna
aspin
ciji
conda
cija
deavon
asunta
namia
namie
carnie
ashiya
naw
kaiyah
cynia
kjersten
michi
camie
ozie
camia
omaya
yenia
harbour
ravi
sydna
nikai
sakae
niyathi
varda
rava
seiko
dniren
aivry
deicy
danait
dua
fawzia
jaina
kamiaya
danaia
deici
brice
charny
meaghan
panthea
kiska
fauzia
kiania
omiya
eithne
kayja
neha
masey
kamyrn
taea
fairyn
quashia
geanie
taeh
payeng
nata
taigen
keyundra
vandra
phanta
krea
jashay
therea
narsis
nakai
damyia
jashae
tateum
imaya
shiesha
jashan
theres
susen
soroya
moniya
rin
rio
kahri
rohan
vickye
rie
ria
troye
margret
troya
maeve
ondrea
maive
minie
maiysha
kayna
sebria
obie
rheia
kysha
yonda
vesna
daren
nasrin
darea
undine
abcde
sheana
ngozichukwu
kandus
nieya
doris
rukia
gerniya
samaya
shyra
natha
cherith
iyshia
fatu
jainah
naysha
montse
shanza
meoshia
shanze
prudie
shaine
knox
shaina
chontae
teruyo
brithny
tamea
deaisha
teandra
shawan
andria
gema
judeah
davyn
dorcus
tamey
iyuna
kasy
tijay
mayukha
maivy
heathr
maigon
nasya
nkiya
kasi
kash
tijah
brit
tijae
kasa
heathe
shiniya
teia
mariam
keirstyn
tierny
mariae
maidson
arthur
vidushi
suhey
mose
veyah
piedad
portia
daphny
janah
merwyn
karstin
rien
meda
nadjah
rekiyah
shatay
norvis
maurya
roenia
toika
sagen
taejah
chynthia
iashia
staysha
norvie
shavion
shena
danya
shene
mikhiya
danye
imiya
nyshae
martin
yurie
kaytin
nyshay
tsega
sheny
tersia
chavah
briasha
whitny
aubreigh
aevry
cecy
cyniyah
cieara
whitni
cece
marjan
ceci
janay
tenie
shaiasia
marjae
whitne
johny
meagon
rusha
jasyah
sahrai
kaiyana
brin
johni
meigan
maudra
breyonia
anyah
johne
canan
monquie
siyuri
daphna
shea
shamra
asyia
kadria
szofia
tensie
shruthika
rianah
aurie
fabia
paityn
tobey
auria
cesya
damya
shresta
keshuna
porshia
aisah
omri
enzie
tamie
covey
paisha
rokhaya
jnyia
kurstin
shamiyah
jaryia
briesha
kurstie
aszia
ivry
jhan
jhai
reya
hedwig
reyn
sepia
kathryn
garyn
jmia
taishia
orva
ivra
janai
famie
ciaira
kayse
raini
swati
jakya
sevyn
stara
sakhia
raina
nica
katrea
chira
athea
fendi
cydney
kaitey
kaicy
deajha
kenae
cydnei
fedra
kenah
kenai
kenan
jacyn
vica
sydny
nerya
jaisa
sreshta
jaisy
aiko
karma
jansen
aika
remia
remie
mardi
kanae
eda
ede
marda
kanan
edi
kanah
kanai
mardy
gana
steva
jimi
torie
haeven
toria
jima
tambra
roshae
donis
simon
tiombe
jeydy
roshan
junie
jeyda
beyanka
tiesa
donie
aubrin
naomy
jeydi
oshia
junis
sanskruti
roshay
oshie
aubrie
mashunda
ranae
gini
gino
gina
sameia
muire
dandi
vestie
rhian
kiaira
kavia
juvia
ciauna
miray
takhiya
jyotsna
miran
jaren
iba
jeaneth
vianet
jasya
nyna
karson
mayada
ruberta
gresa
evyan
trane
neyah
twania
detric
dyon
detria
acia
theo
nazik
kris
shion
nykeya
nazia
maziyah
jardyn
augie
jhenae
jnai
denyia
krin
beyah
emaya
sinath
rynda
astrix
yoruba
kandys
astrin
sunitha
shameia
astrid
wandy
astria
myazia
breyawna
tasya
esmie
metra
venya
tanai
shoran
rufus
bahiyah
jerni
mayren
thembi
ahriyah
tahjia
egypt
audyn
haiven
javis
aruna
tuyet
reda
javin
ayeza
thuyvy
javia
ghia
gera
gerd
gere
geri
thresea
brhea
daiva
sanura
iney
hufsa
tanae
gert
ines
icey
dejah
dejan
fey
cheisa
ashja
yumna
wayna
tresha
breondra
tuere
suhur
charvey
beckah
margert
medra
yasmen
cynthnia
giani
kearson
davaya
tay
sifa
nysha
tae
taige
royesha
perma
ayda
tai
taj
ayde
shiyana
sedra
oshyn
siu
briandra
tranea
brian
areyon
nzuri
dhara
ayonah
briseis
gabey
courney
quinshay
tahya
teonia
thoris
deasja
taci
derick
khushbu
takiyah
bisan
charnay
jemiyah
keiauna
rauri
manushri
irys
yuzuki
nareh
nechuma
efrain
mikeyia
myisha
viesha
krisie
saudah
krisia
jayia
juanda
minka
krisit
sundance
deiadra
shaniyia
cendi
tancy
raziya
deven
precius
siriyah
cendy
sydra
tisa
kezia
judtih
darcy
meyana
akyah
edis
edin
virda
darce
edid
edie
rmonie
edia
taizha
nayda
khori
hyun
jeziyah
siany
khora
kicha
kazia
siana
shaiyan
siane
kaisy
siani
niara
chyna
yuxin
jante
cenith
haize
kiyani
romain
mubina
nikyah
ajha
kiyana
sabra
kyaira
maize
sumya
kaui
diva
yori
soana
joeisha
ciaran
diasia
cait
teon
karsha
shunteria
marsie
kabreyia
jozi
adrian
saeko
ionia
thavy
suzeth
rawnie
thera
tayona
charmion
vinh
twan
embrya
dickie
sugeiri
makaiya
darthea
taegan
suoma
mahdia
donte
sumia
joyse
dreya
staria
bansi
rex
naomia
automn
naomie
sian
neira
beasia
reyhan
rhona
phuongvy
kiera
orna
marayah
khya
haidin
ikeia
breigha
perian
ricia
ranim
shunika
emry
radwa
chardey
biancia
meghna
nithya
drayah
deaysia
cohen
faun
cniya
simaya
narvis
khansa
nateya
marthy
kandi
roux
shenkia
hamdi
radiya
keshi
kesha
ayeisha
marthe
seina
darsha
abrian
shertia
phaith
darshi
curstin
thiana
taiya
crysti
monye
monya
crysta
ruoxi
devy
moeko
kaziyah
veya
darean
marga
peytyn
tincy
jarayah
afiyah
deni
vinda
aryon
dena
rudaina
ritu
dene
sondrea
mistaya
myrne
jazmia
kandy
esmi
synae
janaiya
kurie
esme
jazmin
taushia
esma
jastin
tarie
jiayi
eziya
taria
yudi
tarin
jiaya
tarik
turea
shauri
joena
waniya
joene
moet
iyauna
naibe
kamor
kseniya
takeyah
taniya
margo
caisha
daja
daje
cuba
brieon
nidya
tazia
yun
ambreia
oney
jiapsi
tanji
umaira
tamyah
caudie
shruthi
graycen
teirney
schronda
jaimy
tanaya
arwyn
tremiyah
hafso
jaima
hafsa
yosan
viet
jaimi
dnaya
ebe
ndrea
eba
srimayi
ryka
trixy
shiyah
fushia
jaydan
marfa
diyora
trasia
kimchi
trescha
krya
wuendi
shebria
reisha
nycia
mukta
jaiyana
rosia
etoya
thuytien
hermie
ayanah
junko
theta
mahiya
shaude
mirca
avor
amea
rickeya
sarayu
duane
joa
shikha
duana
joe
tedra
joi
avon
ataya
biana
jon
ranaiya
brona
mady
brixtyn
deaja
kerith
caera
tiera
minhthu
ofri
ruqiya
dniya
ehrin
estha
deyja
mackie
makia
porchia
ortrude
pami
quatia
keziya
neasia
nobue
jayniyah
mareah
njeri
bartie
trakia
micayah
hindy
dasjia
ieishia
madsion
vaitea
shima
keiasha
grazia
mosie
priyah
hinda
charta
sanea
mike
tresor
saned
saxon
maesa
indeya
souad
jadea
janiyia
miku
jadey
burtie
pernia
gordie
vicki
suban
shydae
maymuna
erim
cirsten
susaye
maure
shatoya
sagan
azjah
avy
thuy
motie
itzuri
sheina
mandria
sapna
avo
avi
refa
itzury
ava
jeanie
rejean
jernya
symaya
cind
diante
cina
hadiyah
noe
inci
jarnae
vrunda
quynh
dacia
keirsten
jakaia
weona
kauri
shakya
rumaisa
aijha
cyanthia
koryn
romey
idris
suze
indya
shivon
urica
adya
dorth
azhia
nyeshia
siniya
chinue
timbra
adyn
aigne
kiaya
rasiyah
sharoya
terza
danean
daneah
deion
kyrstie
cameo
camen
kyrstin
camea
nanon
nanor
camey
nyarie
tiania
tianie
jari
nyajah
smita
tawni
jara
corutney
taigan
gaytha
derian
tawna
kianie
gordean
meaghen
jacoya
mischa
michiye
michiya
khiandra
jermyia
vedra
pernie
anjie
kaery
kayne
dounia
nedi
yesmin
deasha
shwanda
masie
ashaya
myrdis
rickyia
sindy
miami
candas
munachi
brynda
ukari
preonda
ruthi
eyram
tere
sinda
tiembra
juni
kadian
tremaya
qunisha
nimue
mekia
ynhi
quanza
giordan
ticha
chezney
roha
sukayna
taunda
nyasa
kumba
dairyn
minea
pasty
tanay
catria
maegen
catrin
kiyra
yukiye
kirya
andrian
tanah
simiya
jasiya
ayren
neana
kiryn
mita
tuongvi
ahrya
ashi
ashe
asha
tsvia
daran
kyiana
shundra
myoshia
chama
keiya
fawnia
kataya
shyne
shyna
toyah
kadjah
jahia
janvi
sabre
maiza
rheva
sabri
kani
omnia
maycie
vae
vay
ajna
vadra
tirza
murtie
kensie
shani
paxten
shane
oakie
phaidra
shana
sanyah
thirza
mecie
shany
torchy
mecia
caiya
funda
mekyah
ciersten
keni
jordyan
mada
farand
teani
kushana
morgin
madi
mariem
arna
thyra
sjana
tema
geshia
arni
mariea
giada
anja
amayia
nyjah
mikya
anji
kany
shniya
kambreigh
jeiza
porcsha
anju
mya
suesan
cheray
thursa
kayten
cason
rehmat
theon
ceniyah
sareth
pierson
haruka
haruko
rochan
mayzi
rian
fiesta
giget
juno
cerys
juna
naiara
shawday
kindy
shere
padme
nyshea
kena
shera
kinda
heide
keandria
vana
darthy
heidy
nkosi
dredi
briniyah
enith
imiyah
heidi
midgie
tomoe
graceyn
omiyah
dartha
heida
whitney
