roi
rhian
bismark
qian
hodge
cieran
cynthia
kyian
bhuvan
guztavo
cyprus
qusay
yuto
onur
bismarck
bixby
yuta
kekai
voris
bibek
skip
biko
yian
hyram
ubaid
fax
guerdon
gino
tudor
void
gina
joesiyah
hodges
pompey
hunberto
mrk
vihas
cyan
urey
qays
uwe
ifrain
joed
joeb
toiboid
cion
joen
jothan
roko
qudarius
gun
gus
porsha
huzaifa
joes
udit
yeico
joey
hixon
facundo
hyon
bakr
gadge
tex
ofek
hyde
yinon
towa
prudencio
cephas
furney
urbain
havok
favour
avrumy
givon
quy
vega
beyan
kue
yuda
boice
azrien
mkai
agha
swinton
aquan
joedy
avash
qwinton
khris
qadry
boz
kirian
khriz
gryphon
pouya
vigo
piyush
toye
kuba
toya
huie
yumin
rovin
yida
grundy
vayne
ondra
fed
kym
jwuan
rmon
gevan
yvor
ura
pajtim
kyten
von
bige
fotis
giraud
ojas
tshombe
rpbert
veo
bemnet
voyd
avrum
khmari
yves
hutch
tuan
kujtim
joie
foch
groves
avo
houa
rmani
vagas
kuzey
uyiosa
ayce
kyi
keghan
hideo
agent
aymen
knixon
gohan
aydn
peirce
kyu
axis
vatche
pino
wharton
firas
voy
quoc
hrach
yejun
joeph
quon
toxie
pepi
cavin
somers
tien
kudura
kci
bawi
awais
boigie
tquan
festus
cozmo
roquan
goerge
trvis
gaje
jodie
tupac
hebert
tsai
kapri
avant
yefri
kyse
vegas
upshur
tivis
keben
vohn
cutberto
pepe
efton
fukuichi
jquan
paetyn
yigit
jno
grzegorz
jophy
guhan
kaptain
jode
ayrton
bikram
baudoin
fady
jodan
yimi
pius
imo
fotios
knute
fadi
texas
hawthorn
yuya
cem
yuga
foday
veton
yugo
roczen
oyd
cean
avont
eben
pyotr
tedmund
jomo
tmarion
square
agim
hyun
rojan
kirin
toivo
fuquan
cyaire
aydon
giro
yeidan
ceth
sokha
butch
cesc
huck
skai
vamsi
skanda
gunars
phuc
keunte
bivian
ihor
keunta
ynes
cavion
hiten
qumari
hogan
kip
quran
rozay
tiko
kebin
kyzen
gawain
soane
yehya
himanshu
pesach
khush
kyjaun
sosaia
avrom
rhandy
aydan
kniko
yue
yug
qmari
tei
ona
kewuan
bjorn
qunicy
rokas
gevin
kuan
pujan
given
toy
yia
kywuan
hoebart
gawen
udonis
peydon
aythan
toi
phu
qasem
peja
geza
ayinde
ciprian
ayzen
hue
pomp
cope
ted
azjon
ofa
cye
tehran
gean
huy
goku
gzim
srujan
brndon
houghton
posie
vian
ebay
heshy
onan
future
tunis
cowen
sothea
eban
cengiz
quvondo
kubrick
ndrew
rovon
cuthbert
pioet
sofian
agrim
uganda
gobind
kirwin
joevan
yitzhak
hymen
vivan
imon
yehia
yvain
gothart
aqib
gjon
efe
cosby
aveyon
joequan
huebert
vyncent
aws
kap
yvens
azmi
todo
bexton
grove
foye
cephus
bejan
heshimu
axe
kihry
agnew
izsak
agnes
toprak
ugo
pope
toa
bimbo
aythen
bocephus
iyon
ayhan
fedor
fanon
utsav
oji
fumio
bictor
ebert
cupid
hector
bush
tzvi
hektor
pickens
vihan
aydyn
jzon
pavin
sokhom
coast
famous
kiko
svend
kiki
kvin
oney
ijah
nthony
tod
hovsep
oiva
gaquan
yuji
tiki
twayne
bae
padon
uhuru
cebert
joquin
bam
hedrick
fisnik
geary
yuma
vyto
yuze
veto
roc
roque
aysa
kidus
kiran
frumencio
onas
quyen
favor
hrag
awad
ayedin
bojan
joye
keo
joda
cajun
joy
keoki
keb
joe
krys
coma
hozie
tue
tuf
tug
paxon
cos
vue
tuck
powers
hoke
vuk
trstram
equan
yezen
jodi
kycen
ciera
games
pita
fyodor
yinuo
kyce
biagio
aydun
guin
guerin
dcorian
femi
prue
tupou
poe
todrick
gequan
putnem
viyan
kiros
aguie
ayan
kdyn
swift
ayad
twain
joevon
gehrig
gaza
poet
cena
fuad
ebin
kumari
firmin
sosuke
gav
qusai
onyx
copen
thyago
jody
cidney
onfroi
fazon
hyrum
gad
vytas
qasim
kijon
tkai
rhion
gyan
kryton
bjarne
ski
yihan
husnain
agam
furqan
rope
fue
tochi
ajon
guido
avrey
putnam
ohan
fedrick
quynton
kekoa
biak
uday
pip
ced
krsna
vonda
ave
avry
padget
ava
pejmon
piotr
d'arcy
ondrej
pau
tecumseh
vyas
pax
kegan
joeray
havoc
kirby
cabot
aydain
compton
vyan
pietrek
pam
joedon
kix
phynix
utah
kibwe
heberth
vivek
ajdin
yuan
byan
kid
ayansh
boady
hoku
govind
urho
ayhem
nthan
kepa
frutoso
eph
rocio
tiyon
onfre
utkarsh
psymon
yegor
joesph
couy
tip
sofia
aycen
socheat
kyven
tibor
jodey
kjon
upton
hikaru
skipton
tunde
uche
paeton
huey
huzaifah
hau
kirke
joquan
hovey
ohad
iquan
sopath
ayana
phuoc
tequan
posey
tice
bix
yiran
khup
tico
kyus
apurva
kupono
tzion
svanik
tein
sreyas
vyom
vesta
avram
kire
page
cequan
ayedan
cisco
tmothy
soma
tedie
kvion
kymon
bach
cabe
cogan
kewin
huxton
tivon
tiso
jojo
kezion
twig
joji
pecos
gumaro
squire
fox
foy
huynh
ceion
cire
fode
epic
ciro
urbin
vaino
tuyen
hsa
ayres
hitesh
azra
tiebout
onzie
pietro
baha
oen
bahe
veon
hymie
tiburcio
kiryn
yuxuan
pike
yiorgos
aveion
hicks
uryah
hafid
bynum
tesfa
tovan
yifan
cece
hafiz
azure
tijon
gambit
cyprian
kumasi
tephen
soe
cyion
yen
sok
kvon
som
qwintin
teion
joyce
gyasi
tuckie
rhuben
het
ihan
vai
kveon
bukhari
yupheng
bion
gig
gid
hec
huan
gin
ugene
qais
buz
azon
jwyanza
pake
coke
coady
tsosie
punit
vibhu
tuvia
giezi
bub
bud
badr
count
nkrumah
tipton
cid
cetric
baze
kyion
govan
jmauri
nkosi
gahan
tuvya
ohm
ohn
pio
haxton
yeng
fujio
knut
kyton
uwais
kiry
tshaka
soichi
heydan
peace
bwana
wheaton
kirk
teco
kiro
kira
icarus
toan
cymon
cydney
pape
peat
ceon
papa
vada
vuthy
bianca
jmere
feodor
jomarcus
bugra
tidus
bianco
tizoc
hunfredo
sota
ebon
kdrian
veasna
paige
tiquan
hope
